---INSIDE prepdata.sh
Setting up command line args
Setting up vars
Removing cleaned data dir
Copying over edited files
copying over files from copy_over to relevant destinations
Step 1:
Merlin default voice settings configured in "conf/global_settings.cfg"
Modify these params as per your data...
eg., sampling frequency, no. of train files etc.,
setup done...!
Cleaning out the cleaned data dir for wav and txt
Running AVEC2012_clean_for_merlin.py
train_transcript001.txt IN EXCLUDE LIST
train_audio002_sent011.wav too small! Less than 100000  bytes. Skipping this file...
train_audio002_sent013.wav too small! Less than 100000  bytes. Skipping this file...
train_audio004_sent017.wav too small! Less than 100000  bytes. Skipping this file...
train_audio004_sent028.wav too small! Less than 100000  bytes. Skipping this file...
train_audio004_sent034.wav too small! Less than 100000  bytes. Skipping this file...
train_audio005_sent002.wav too small! Less than 100000  bytes. Skipping this file...
train_audio005_sent004.wav too small! Less than 100000  bytes. Skipping this file...
train_audio005_sent023.wav too small! Less than 100000  bytes. Skipping this file...
train_audio006_sent003.wav too small! Less than 100000  bytes. Skipping this file...
train_audio006_sent010.wav too small! Less than 100000  bytes. Skipping this file...
train_audio007_sent004.wav too small! Less than 100000  bytes. Skipping this file...
train_audio007_sent007.wav too small! Less than 100000  bytes. Skipping this file...
train_audio007_sent044.wav too small! Less than 100000  bytes. Skipping this file...
train_audio007_sent045.wav too small! Less than 100000  bytes. Skipping this file...
train_audio007_sent047.wav too small! Less than 100000  bytes. Skipping this file...
train_audio007_sent054.wav too small! Less than 100000  bytes. Skipping this file...
train_audio007_sent055.wav too small! Less than 100000  bytes. Skipping this file...
train_audio008_sent001.wav too small! Less than 100000  bytes. Skipping this file...
train_audio008_sent003.wav too small! Less than 100000  bytes. Skipping this file...
train_audio008_sent016.wav too small! Less than 100000  bytes. Skipping this file...
train_audio009_sent002.wav too small! Less than 100000  bytes. Skipping this file...
train_audio009_sent003.wav too small! Less than 100000  bytes. Skipping this file...
train_audio009_sent005.wav too small! Less than 100000  bytes. Skipping this file...
train_audio009_sent015.wav too small! Less than 100000  bytes. Skipping this file...
train_audio009_sent021.wav too small! Less than 100000  bytes. Skipping this file...
train_audio009_sent027.wav too small! Less than 100000  bytes. Skipping this file...
train_audio010_sent001.wav too small! Less than 100000  bytes. Skipping this file...
train_audio010_sent003.wav too small! Less than 100000  bytes. Skipping this file...
train_audio010_sent004.wav too small! Less than 100000  bytes. Skipping this file...
train_audio010_sent005.wav too small! Less than 100000  bytes. Skipping this file...
train_audio010_sent020.wav too small! Less than 100000  bytes. Skipping this file...
train_audio010_sent026.wav too small! Less than 100000  bytes. Skipping this file...
train_audio010_sent029.wav too small! Less than 100000  bytes. Skipping this file...
train_audio010_sent034.wav too small! Less than 100000  bytes. Skipping this file...
train_audio011_sent002.wav too small! Less than 100000  bytes. Skipping this file...
train_audio011_sent023.wav too small! Less than 100000  bytes. Skipping this file...
train_audio011_sent030.wav too small! Less than 100000  bytes. Skipping this file...
train_audio012_sent005.wav too small! Less than 100000  bytes. Skipping this file...
train_audio012_sent013.wav too small! Less than 100000  bytes. Skipping this file...
train_audio012_sent016.wav too small! Less than 100000  bytes. Skipping this file...
train_audio012_sent029.wav too small! Less than 100000  bytes. Skipping this file...
train_audio012_sent036.wav too small! Less than 100000  bytes. Skipping this file...
train_audio012_sent038.wav too small! Less than 100000  bytes. Skipping this file...
train_audio012_sent040.wav too small! Less than 100000  bytes. Skipping this file...
train_audio013_sent002.wav too small! Less than 100000  bytes. Skipping this file...
train_audio013_sent003.wav too small! Less than 100000  bytes. Skipping this file...
train_audio013_sent004.wav too small! Less than 100000  bytes. Skipping this file...
train_audio013_sent005.wav too small! Less than 100000  bytes. Skipping this file...
train_audio013_sent012.wav too small! Less than 100000  bytes. Skipping this file...
train_audio013_sent015.wav too small! Less than 100000  bytes. Skipping this file...
train_audio013_sent017.wav too small! Less than 100000  bytes. Skipping this file...
train_audio013_sent019.wav too small! Less than 100000  bytes. Skipping this file...
train_audio013_sent034.wav too small! Less than 100000  bytes. Skipping this file...
train_audio013_sent035.wav too small! Less than 100000  bytes. Skipping this file...
train_audio013_sent039.wav too small! Less than 100000  bytes. Skipping this file...
train_audio013_sent052.wav too small! Less than 100000  bytes. Skipping this file...
train_audio014_sent002.wav too small! Less than 100000  bytes. Skipping this file...
train_audio014_sent003.wav too small! Less than 100000  bytes. Skipping this file...
train_audio014_sent015.wav too small! Less than 100000  bytes. Skipping this file...
train_audio014_sent029.wav too small! Less than 100000  bytes. Skipping this file...
train_audio014_sent030.wav too small! Less than 100000  bytes. Skipping this file...
train_audio014_sent034.wav too small! Less than 100000  bytes. Skipping this file...
train_audio014_sent048.wav too small! Less than 100000  bytes. Skipping this file...
train_audio014_sent054.wav too small! Less than 100000  bytes. Skipping this file...
train_audio015_sent001.wav too small! Less than 100000  bytes. Skipping this file...
train_audio015_sent002.wav too small! Less than 100000  bytes. Skipping this file...
train_audio015_sent019.wav too small! Less than 100000  bytes. Skipping this file...
train_audio015_sent022.wav too small! Less than 100000  bytes. Skipping this file...
train_audio015_sent023.wav too small! Less than 100000  bytes. Skipping this file...
train_audio015_sent027.wav too small! Less than 100000  bytes. Skipping this file...
train_audio015_sent029.wav too small! Less than 100000  bytes. Skipping this file...
train_audio016_sent001.wav too small! Less than 100000  bytes. Skipping this file...
train_audio016_sent002.wav too small! Less than 100000  bytes. Skipping this file...
train_audio016_sent003.wav too small! Less than 100000  bytes. Skipping this file...
train_audio016_sent007.wav too small! Less than 100000  bytes. Skipping this file...
train_audio016_sent022.wav too small! Less than 100000  bytes. Skipping this file...
train_audio016_sent023.wav too small! Less than 100000  bytes. Skipping this file...
train_audio016_sent030.wav too small! Less than 100000  bytes. Skipping this file...
train_audio017_sent001.wav too small! Less than 100000  bytes. Skipping this file...
train_audio017_sent009.wav too small! Less than 100000  bytes. Skipping this file...
train_audio017_sent017.wav too small! Less than 100000  bytes. Skipping this file...
train_audio017_sent019.wav too small! Less than 100000  bytes. Skipping this file...
train_audio017_sent021.wav too small! Less than 100000  bytes. Skipping this file...
train_audio017_sent043.wav too small! Less than 100000  bytes. Skipping this file...
train_audio017_sent047.wav too small! Less than 100000  bytes. Skipping this file...
train_audio018_sent001.wav too small! Less than 100000  bytes. Skipping this file...
train_audio018_sent011.wav too small! Less than 100000  bytes. Skipping this file...
train_audio018_sent013.wav too small! Less than 100000  bytes. Skipping this file...
train_audio018_sent015.wav too small! Less than 100000  bytes. Skipping this file...
train_audio018_sent017.wav too small! Less than 100000  bytes. Skipping this file...
train_audio018_sent026.wav too small! Less than 100000  bytes. Skipping this file...
train_audio018_sent027.wav too small! Less than 100000  bytes. Skipping this file...
train_audio018_sent030.wav too small! Less than 100000  bytes. Skipping this file...
train_audio018_sent035.wav too small! Less than 100000  bytes. Skipping this file...
train_audio019_sent006.wav too small! Less than 100000  bytes. Skipping this file...
train_audio019_sent007.wav too small! Less than 100000  bytes. Skipping this file...
train_audio019_sent009.wav too small! Less than 100000  bytes. Skipping this file...
train_audio019_sent017.wav too small! Less than 100000  bytes. Skipping this file...
train_audio019_sent023.wav too small! Less than 100000  bytes. Skipping this file...
train_audio019_sent030.wav too small! Less than 100000  bytes. Skipping this file...
train_audio019_sent036.wav too small! Less than 100000  bytes. Skipping this file...
train_audio019_sent041.wav too small! Less than 100000  bytes. Skipping this file...
train_audio019_sent043.wav too small! Less than 100000  bytes. Skipping this file...
train_audio020_sent001.wav too small! Less than 100000  bytes. Skipping this file...
train_audio020_sent008.wav too small! Less than 100000  bytes. Skipping this file...
train_audio020_sent014.wav too small! Less than 100000  bytes. Skipping this file...
train_audio020_sent020.wav too small! Less than 100000  bytes. Skipping this file...
train_audio020_sent028.wav too small! Less than 100000  bytes. Skipping this file...
train_audio020_sent031.wav too small! Less than 100000  bytes. Skipping this file...
train_audio020_sent032.wav too small! Less than 100000  bytes. Skipping this file...
train_audio020_sent034.wav too small! Less than 100000  bytes. Skipping this file...
train_audio021_sent006.wav too small! Less than 100000  bytes. Skipping this file...
train_audio021_sent010.wav too small! Less than 100000  bytes. Skipping this file...
train_audio021_sent022.wav too small! Less than 100000  bytes. Skipping this file...
train_audio021_sent024.wav too small! Less than 100000  bytes. Skipping this file...
train_audio021_sent037.wav too small! Less than 100000  bytes. Skipping this file...
train_audio021_sent039.wav too small! Less than 100000  bytes. Skipping this file...
train_audio021_sent046.wav too small! Less than 100000  bytes. Skipping this file...
train_audio021_sent050.wav too small! Less than 100000  bytes. Skipping this file...
train_audio021_sent056.wav too small! Less than 100000  bytes. Skipping this file...
train_audio022_sent009.wav too small! Less than 100000  bytes. Skipping this file...
train_audio022_sent018.wav too small! Less than 100000  bytes. Skipping this file...
train_audio022_sent019.wav too small! Less than 100000  bytes. Skipping this file...
train_audio022_sent025.wav too small! Less than 100000  bytes. Skipping this file...
train_audio022_sent028.wav too small! Less than 100000  bytes. Skipping this file...
train_audio022_sent033.wav too small! Less than 100000  bytes. Skipping this file...
train_audio022_sent034.wav too small! Less than 100000  bytes. Skipping this file...
train_audio022_sent040.wav too small! Less than 100000  bytes. Skipping this file...
train_audio022_sent041.wav too small! Less than 100000  bytes. Skipping this file...
train_audio022_sent042.wav too small! Less than 100000  bytes. Skipping this file...
train_audio022_sent045.wav too small! Less than 100000  bytes. Skipping this file...
train_audio022_sent047.wav too small! Less than 100000  bytes. Skipping this file...
train_audio022_sent048.wav too small! Less than 100000  bytes. Skipping this file...
train_audio023_sent001.wav too small! Less than 100000  bytes. Skipping this file...
train_audio023_sent003.wav too small! Less than 100000  bytes. Skipping this file...
train_audio023_sent007.wav too small! Less than 100000  bytes. Skipping this file...
train_audio023_sent015.wav too small! Less than 100000  bytes. Skipping this file...
train_audio023_sent016.wav too small! Less than 100000  bytes. Skipping this file...
train_audio023_sent020.wav too small! Less than 100000  bytes. Skipping this file...
train_audio023_sent022.wav too small! Less than 100000  bytes. Skipping this file...
train_audio023_sent035.wav too small! Less than 100000  bytes. Skipping this file...
train_audio023_sent040.wav too small! Less than 100000  bytes. Skipping this file...
train_audio023_sent041.wav too small! Less than 100000  bytes. Skipping this file...
train_audio023_sent042.wav too small! Less than 100000  bytes. Skipping this file...
train_audio023_sent047.wav too small! Less than 100000  bytes. Skipping this file...
train_audio023_sent054.wav too small! Less than 100000  bytes. Skipping this file...
train_audio023_sent060.wav too small! Less than 100000  bytes. Skipping this file...
train_audio023_sent069.wav too small! Less than 100000  bytes. Skipping this file...
train_audio023_sent078.wav too small! Less than 100000  bytes. Skipping this file...
train_audio023_sent080.wav too small! Less than 100000  bytes. Skipping this file...
train_audio023_sent081.wav too small! Less than 100000  bytes. Skipping this file...
train_transcript024.txt IN EXCLUDE LIST
train_transcript025.txt IN EXCLUDE LIST
train_transcript026.txt IN EXCLUDE LIST
train_transcript027.txt IN EXCLUDE LIST
train_audio028_sent013.wav too small! Less than 100000  bytes. Skipping this file...
train_audio028_sent022.wav too small! Less than 100000  bytes. Skipping this file...
train_audio028_sent028.wav too small! Less than 100000  bytes. Skipping this file...
train_audio028_sent029.wav too small! Less than 100000  bytes. Skipping this file...
train_audio029_sent016.wav too small! Less than 100000  bytes. Skipping this file...
train_audio029_sent018.wav too small! Less than 100000  bytes. Skipping this file...
train_audio030_sent002.wav too small! Less than 100000  bytes. Skipping this file...
train_audio030_sent003.wav too small! Less than 100000  bytes. Skipping this file...
train_audio030_sent008.wav too small! Less than 100000  bytes. Skipping this file...
train_audio031_sent004.wav too small! Less than 100000  bytes. Skipping this file...
train_audio031_sent007.wav too small! Less than 100000  bytes. Skipping this file...
train_audio031_sent008.wav too small! Less than 100000  bytes. Skipping this file...
train_audio031_sent010.wav too small! Less than 100000  bytes. Skipping this file...
train_audio031_sent012.wav too small! Less than 100000  bytes. Skipping this file...
devel_audio001_sent008.wav too small! Less than 100000  bytes. Skipping this file...
devel_audio001_sent011.wav too small! Less than 100000  bytes. Skipping this file...
devel_audio001_sent013.wav too small! Less than 100000  bytes. Skipping this file...
devel_audio002_sent001.wav too small! Less than 100000  bytes. Skipping this file...
devel_audio002_sent004.wav too small! Less than 100000  bytes. Skipping this file...
devel_audio002_sent013.wav too small! Less than 100000  bytes. Skipping this file...
devel_audio002_sent021.wav too small! Less than 100000  bytes. Skipping this file...
devel_audio003_sent007.wav too small! Less than 100000  bytes. Skipping this file...
devel_audio003_sent020.wav too small! Less than 100000  bytes. Skipping this file...
devel_audio004_sent018.wav too small! Less than 100000  bytes. Skipping this file...
devel_audio004_sent035.wav too small! Less than 100000  bytes. Skipping this file...
devel_audio005_sent002.wav too small! Less than 100000  bytes. Skipping this file...
devel_audio005_sent004.wav too small! Less than 100000  bytes. Skipping this file...
devel_audio005_sent005.wav too small! Less than 100000  bytes. Skipping this file...
devel_audio005_sent007.wav too small! Less than 100000  bytes. Skipping this file...
devel_audio006_sent001.wav too small! Less than 100000  bytes. Skipping this file...
devel_audio006_sent002.wav too small! Less than 100000  bytes. Skipping this file...
devel_audio006_sent015.wav too small! Less than 100000  bytes. Skipping this file...
devel_audio007_sent001.wav too small! Less than 100000  bytes. Skipping this file...
devel_audio007_sent002.wav too small! Less than 100000  bytes. Skipping this file...
devel_audio007_sent006.wav too small! Less than 100000  bytes. Skipping this file...
devel_audio007_sent011.wav too small! Less than 100000  bytes. Skipping this file...
devel_audio007_sent013.wav too small! Less than 100000  bytes. Skipping this file...
devel_audio008_sent001.wav too small! Less than 100000  bytes. Skipping this file...
devel_audio008_sent002.wav too small! Less than 100000  bytes. Skipping this file...
devel_audio008_sent005.wav too small! Less than 100000  bytes. Skipping this file...
devel_audio008_sent006.wav too small! Less than 100000  bytes. Skipping this file...
devel_audio008_sent011.wav too small! Less than 100000  bytes. Skipping this file...
devel_audio008_sent015.wav too small! Less than 100000  bytes. Skipping this file...
devel_audio008_sent017.wav too small! Less than 100000  bytes. Skipping this file...
devel_audio009_sent005.wav too small! Less than 100000  bytes. Skipping this file...
devel_audio009_sent012.wav too small! Less than 100000  bytes. Skipping this file...
devel_audio009_sent015.wav too small! Less than 100000  bytes. Skipping this file...
devel_audio009_sent022.wav too small! Less than 100000  bytes. Skipping this file...
devel_audio009_sent025.wav too small! Less than 100000  bytes. Skipping this file...
devel_audio009_sent028.wav too small! Less than 100000  bytes. Skipping this file...
devel_audio009_sent030.wav too small! Less than 100000  bytes. Skipping this file...
devel_audio010_sent004.wav too small! Less than 100000  bytes. Skipping this file...
devel_audio010_sent009.wav too small! Less than 100000  bytes. Skipping this file...
devel_audio010_sent011.wav too small! Less than 100000  bytes. Skipping this file...
devel_audio010_sent013.wav too small! Less than 100000  bytes. Skipping this file...
devel_audio010_sent020.wav too small! Less than 100000  bytes. Skipping this file...
devel_audio010_sent022.wav too small! Less than 100000  bytes. Skipping this file...
devel_audio010_sent024.wav too small! Less than 100000  bytes. Skipping this file...
devel_audio010_sent029.wav too small! Less than 100000  bytes. Skipping this file...
devel_audio010_sent033.wav too small! Less than 100000  bytes. Skipping this file...
devel_audio010_sent034.wav too small! Less than 100000  bytes. Skipping this file...
devel_audio010_sent035.wav too small! Less than 100000  bytes. Skipping this file...
devel_audio010_sent043.wav too small! Less than 100000  bytes. Skipping this file...
devel_audio010_sent045.wav too small! Less than 100000  bytes. Skipping this file...
devel_audio010_sent046.wav too small! Less than 100000  bytes. Skipping this file...
devel_audio010_sent049.wav too small! Less than 100000  bytes. Skipping this file...
devel_audio011_sent001.wav too small! Less than 100000  bytes. Skipping this file...
devel_audio011_sent004.wav too small! Less than 100000  bytes. Skipping this file...
devel_audio011_sent005.wav too small! Less than 100000  bytes. Skipping this file...
devel_audio011_sent012.wav too small! Less than 100000  bytes. Skipping this file...
devel_audio011_sent015.wav too small! Less than 100000  bytes. Skipping this file...
devel_audio011_sent020.wav too small! Less than 100000  bytes. Skipping this file...
devel_audio011_sent024.wav too small! Less than 100000  bytes. Skipping this file...
devel_audio011_sent030.wav too small! Less than 100000  bytes. Skipping this file...
devel_audio012_sent001.wav too small! Less than 100000  bytes. Skipping this file...
devel_audio012_sent003.wav too small! Less than 100000  bytes. Skipping this file...
devel_audio012_sent004.wav too small! Less than 100000  bytes. Skipping this file...
devel_audio012_sent007.wav too small! Less than 100000  bytes. Skipping this file...
devel_audio012_sent008.wav too small! Less than 100000  bytes. Skipping this file...
devel_audio012_sent015.wav too small! Less than 100000  bytes. Skipping this file...
devel_audio012_sent021.wav too small! Less than 100000  bytes. Skipping this file...
devel_audio012_sent025.wav too small! Less than 100000  bytes. Skipping this file...
devel_audio012_sent031.wav too small! Less than 100000  bytes. Skipping this file...
devel_audio012_sent032.wav too small! Less than 100000  bytes. Skipping this file...
devel_audio012_sent034.wav too small! Less than 100000  bytes. Skipping this file...
devel_audio012_sent044.wav too small! Less than 100000  bytes. Skipping this file...
devel_audio012_sent048.wav too small! Less than 100000  bytes. Skipping this file...
devel_audio012_sent049.wav too small! Less than 100000  bytes. Skipping this file...
devel_audio012_sent052.wav too small! Less than 100000  bytes. Skipping this file...
devel_audio014_sent004.wav too small! Less than 100000  bytes. Skipping this file...
devel_audio014_sent009.wav too small! Less than 100000  bytes. Skipping this file...
devel_audio014_sent017.wav too small! Less than 100000  bytes. Skipping this file...
devel_audio014_sent018.wav too small! Less than 100000  bytes. Skipping this file...
devel_audio014_sent019.wav too small! Less than 100000  bytes. Skipping this file...
devel_audio015_sent014.wav too small! Less than 100000  bytes. Skipping this file...
devel_audio015_sent030.wav too small! Less than 100000  bytes. Skipping this file...
devel_audio016_sent013.wav too small! Less than 100000  bytes. Skipping this file...
devel_audio017_sent003.wav too small! Less than 100000  bytes. Skipping this file...
devel_audio017_sent004.wav too small! Less than 100000  bytes. Skipping this file...
devel_audio017_sent005.wav too small! Less than 100000  bytes. Skipping this file...
devel_audio017_sent009.wav too small! Less than 100000  bytes. Skipping this file...
devel_audio017_sent017.wav too small! Less than 100000  bytes. Skipping this file...
devel_audio017_sent020.wav too small! Less than 100000  bytes. Skipping this file...
devel_audio017_sent023.wav too small! Less than 100000  bytes. Skipping this file...
devel_audio017_sent024.wav too small! Less than 100000  bytes. Skipping this file...
devel_audio017_sent026.wav too small! Less than 100000  bytes. Skipping this file...
devel_audio017_sent028.wav too small! Less than 100000  bytes. Skipping this file...
devel_audio017_sent029.wav too small! Less than 100000  bytes. Skipping this file...
devel_audio017_sent030.wav too small! Less than 100000  bytes. Skipping this file...
devel_audio017_sent031.wav too small! Less than 100000  bytes. Skipping this file...
devel_audio017_sent041.wav too small! Less than 100000  bytes. Skipping this file...
devel_audio017_sent043.wav too small! Less than 100000  bytes. Skipping this file...
devel_audio017_sent044.wav too small! Less than 100000  bytes. Skipping this file...
devel_audio017_sent047.wav too small! Less than 100000  bytes. Skipping this file...
devel_audio017_sent055.wav too small! Less than 100000  bytes. Skipping this file...
devel_audio017_sent058.wav too small! Less than 100000  bytes. Skipping this file...
devel_audio017_sent059.wav too small! Less than 100000  bytes. Skipping this file...
devel_audio017_sent061.wav too small! Less than 100000  bytes. Skipping this file...
devel_audio018_sent001.wav too small! Less than 100000  bytes. Skipping this file...
devel_audio018_sent007.wav too small! Less than 100000  bytes. Skipping this file...
devel_audio018_sent008.wav too small! Less than 100000  bytes. Skipping this file...
devel_audio018_sent011.wav too small! Less than 100000  bytes. Skipping this file...
devel_audio018_sent015.wav too small! Less than 100000  bytes. Skipping this file...
devel_audio018_sent019.wav too small! Less than 100000  bytes. Skipping this file...
devel_audio018_sent024.wav too small! Less than 100000  bytes. Skipping this file...
devel_audio018_sent025.wav too small! Less than 100000  bytes. Skipping this file...
devel_audio018_sent035.wav too small! Less than 100000  bytes. Skipping this file...
devel_audio018_sent036.wav too small! Less than 100000  bytes. Skipping this file...
devel_audio018_sent038.wav too small! Less than 100000  bytes. Skipping this file...
devel_audio018_sent040.wav too small! Less than 100000  bytes. Skipping this file...
devel_audio018_sent042.wav too small! Less than 100000  bytes. Skipping this file...
devel_audio018_sent045.wav too small! Less than 100000  bytes. Skipping this file...
devel_audio018_sent046.wav too small! Less than 100000  bytes. Skipping this file...
devel_audio018_sent048.wav too small! Less than 100000  bytes. Skipping this file...
devel_audio019_sent001.wav too small! Less than 100000  bytes. Skipping this file...
devel_audio019_sent002.wav too small! Less than 100000  bytes. Skipping this file...
devel_audio019_sent003.wav too small! Less than 100000  bytes. Skipping this file...
devel_audio019_sent004.wav too small! Less than 100000  bytes. Skipping this file...
devel_audio019_sent005.wav too small! Less than 100000  bytes. Skipping this file...
devel_audio019_sent009.wav too small! Less than 100000  bytes. Skipping this file...
devel_audio019_sent010.wav too small! Less than 100000  bytes. Skipping this file...
devel_audio019_sent012.wav too small! Less than 100000  bytes. Skipping this file...
devel_audio019_sent013.wav too small! Less than 100000  bytes. Skipping this file...
devel_audio019_sent016.wav too small! Less than 100000  bytes. Skipping this file...
devel_audio019_sent019.wav too small! Less than 100000  bytes. Skipping this file...
devel_audio019_sent020.wav too small! Less than 100000  bytes. Skipping this file...
devel_audio019_sent022.wav too small! Less than 100000  bytes. Skipping this file...
devel_audio019_sent024.wav too small! Less than 100000  bytes. Skipping this file...
devel_audio020_sent002.wav too small! Less than 100000  bytes. Skipping this file...
devel_audio020_sent003.wav too small! Less than 100000  bytes. Skipping this file...
devel_audio020_sent004.wav too small! Less than 100000  bytes. Skipping this file...
devel_audio020_sent005.wav too small! Less than 100000  bytes. Skipping this file...
devel_audio020_sent006.wav too small! Less than 100000  bytes. Skipping this file...
devel_audio020_sent009.wav too small! Less than 100000  bytes. Skipping this file...
devel_audio020_sent010.wav too small! Less than 100000  bytes. Skipping this file...
devel_audio020_sent011.wav too small! Less than 100000  bytes. Skipping this file...
devel_audio020_sent014.wav too small! Less than 100000  bytes. Skipping this file...
devel_audio020_sent015.wav too small! Less than 100000  bytes. Skipping this file...
devel_audio020_sent016.wav too small! Less than 100000  bytes. Skipping this file...
devel_audio020_sent017.wav too small! Less than 100000  bytes. Skipping this file...
devel_audio020_sent018.wav too small! Less than 100000  bytes. Skipping this file...
devel_audio020_sent021.wav too small! Less than 100000  bytes. Skipping this file...
devel_audio020_sent023.wav too small! Less than 100000  bytes. Skipping this file...
devel_audio020_sent026.wav too small! Less than 100000  bytes. Skipping this file...
devel_audio020_sent027.wav too small! Less than 100000  bytes. Skipping this file...
devel_audio020_sent032.wav too small! Less than 100000  bytes. Skipping this file...
devel_audio020_sent033.wav too small! Less than 100000  bytes. Skipping this file...
devel_audio020_sent034.wav too small! Less than 100000  bytes. Skipping this file...
devel_audio020_sent035.wav too small! Less than 100000  bytes. Skipping this file...
devel_audio020_sent047.wav too small! Less than 100000  bytes. Skipping this file...
devel_audio020_sent049.wav too small! Less than 100000  bytes. Skipping this file...
devel_audio020_sent062.wav too small! Less than 100000  bytes. Skipping this file...
devel_audio020_sent063.wav too small! Less than 100000  bytes. Skipping this file...
devel_audio020_sent064.wav too small! Less than 100000  bytes. Skipping this file...
devel_audio021_sent001.wav too small! Less than 100000  bytes. Skipping this file...
devel_audio021_sent004.wav too small! Less than 100000  bytes. Skipping this file...
devel_audio021_sent045.wav too small! Less than 100000  bytes. Skipping this file...
devel_audio021_sent053.wav too small! Less than 100000  bytes. Skipping this file...
devel_audio022_sent003.wav too small! Less than 100000  bytes. Skipping this file...
devel_audio022_sent014.wav too small! Less than 100000  bytes. Skipping this file...
devel_audio022_sent029.wav too small! Less than 100000  bytes. Skipping this file...
devel_audio022_sent039.wav too small! Less than 100000  bytes. Skipping this file...
devel_audio022_sent049.wav too small! Less than 100000  bytes. Skipping this file...
devel_audio023_sent012.wav too small! Less than 100000  bytes. Skipping this file...
devel_audio023_sent025.wav too small! Less than 100000  bytes. Skipping this file...
devel_audio023_sent046.wav too small! Less than 100000  bytes. Skipping this file...
devel_audio023_sent049.wav too small! Less than 100000  bytes. Skipping this file...
devel_audio023_sent053.wav too small! Less than 100000  bytes. Skipping this file...
devel_audio023_sent062 in SENT_EXCLUDE_LIST
devel_audio024_sent016.wav too small! Less than 100000  bytes. Skipping this file...
devel_audio024_sent030.wav too small! Less than 100000  bytes. Skipping this file...
devel_audio024_sent034.wav too small! Less than 100000  bytes. Skipping this file...
devel_audio024_sent043.wav too small! Less than 100000  bytes. Skipping this file...
devel_audio024_sent049.wav too small! Less than 100000  bytes. Skipping this file...
devel_audio024_sent051.wav too small! Less than 100000  bytes. Skipping this file...
devel_audio024_sent077.wav too small! Less than 100000  bytes. Skipping this file...
devel_audio025_sent013.wav too small! Less than 100000  bytes. Skipping this file...
devel_audio026_sent019.wav too small! Less than 100000  bytes. Skipping this file...
devel_audio026_sent022.wav too small! Less than 100000  bytes. Skipping this file...
devel_audio027_sent029.wav too small! Less than 100000  bytes. Skipping this file...
devel_audio029_sent002.wav too small! Less than 100000  bytes. Skipping this file...
devel_audio029_sent003.wav too small! Less than 100000  bytes. Skipping this file...
devel_audio029_sent005.wav too small! Less than 100000  bytes. Skipping this file...
devel_audio029_sent012.wav too small! Less than 100000  bytes. Skipping this file...
devel_audio029_sent015.wav too small! Less than 100000  bytes. Skipping this file...
devel_audio029_sent022.wav too small! Less than 100000  bytes. Skipping this file...
devel_audio029_sent028.wav too small! Less than 100000  bytes. Skipping this file...
devel_audio029_sent030.wav too small! Less than 100000  bytes. Skipping this file...
devel_audio029_sent033.wav too small! Less than 100000  bytes. Skipping this file...
devel_audio030_sent001.wav too small! Less than 100000  bytes. Skipping this file...
devel_audio030_sent017.wav too small! Less than 100000  bytes. Skipping this file...
devel_audio030_sent029.wav too small! Less than 100000  bytes. Skipping this file...
devel_audio030_sent031.wav too small! Less than 100000  bytes. Skipping this file...
devel_transcript031.txt IN EXCLUDE LIST
devel_transcript032.txt IN EXCLUDE LIST
tests_audio001_sent001.wav too small! Less than 100000  bytes. Skipping this file...
tests_audio001_sent003.wav too small! Less than 100000  bytes. Skipping this file...
tests_audio002_sent001.wav too small! Less than 100000  bytes. Skipping this file...
tests_audio003_sent002.wav too small! Less than 100000  bytes. Skipping this file...
tests_audio004_sent008.wav too small! Less than 100000  bytes. Skipping this file...
tests_audio004_sent012.wav too small! Less than 100000  bytes. Skipping this file...
tests_audio005_sent001.wav too small! Less than 100000  bytes. Skipping this file...
tests_audio005_sent003.wav too small! Less than 100000  bytes. Skipping this file...
tests_audio005_sent005.wav too small! Less than 100000  bytes. Skipping this file...
tests_audio005_sent011.wav too small! Less than 100000  bytes. Skipping this file...
tests_audio005_sent012.wav too small! Less than 100000  bytes. Skipping this file...
tests_audio005_sent013.wav too small! Less than 100000  bytes. Skipping this file...
tests_audio006_sent003.wav too small! Less than 100000  bytes. Skipping this file...
tests_audio006_sent006.wav too small! Less than 100000  bytes. Skipping this file...
tests_audio006_sent012.wav too small! Less than 100000  bytes. Skipping this file...
tests_audio006_sent013.wav too small! Less than 100000  bytes. Skipping this file...
tests_audio006_sent014.wav too small! Less than 100000  bytes. Skipping this file...
tests_audio006_sent022.wav too small! Less than 100000  bytes. Skipping this file...
tests_audio006_sent026.wav too small! Less than 100000  bytes. Skipping this file...
tests_audio006_sent027.wav too small! Less than 100000  bytes. Skipping this file...
tests_audio006_sent037.wav too small! Less than 100000  bytes. Skipping this file...
tests_audio006_sent038.wav too small! Less than 100000  bytes. Skipping this file...
tests_audio006_sent045.wav too small! Less than 100000  bytes. Skipping this file...
tests_audio006_sent047.wav too small! Less than 100000  bytes. Skipping this file...
tests_audio006_sent054.wav too small! Less than 100000  bytes. Skipping this file...
tests_audio006_sent060.wav too small! Less than 100000  bytes. Skipping this file...
tests_audio007_sent001.wav too small! Less than 100000  bytes. Skipping this file...
tests_audio007_sent002.wav too small! Less than 100000  bytes. Skipping this file...
tests_audio007_sent010.wav too small! Less than 100000  bytes. Skipping this file...
tests_audio007_sent016.wav too small! Less than 100000  bytes. Skipping this file...
tests_audio007_sent025.wav too small! Less than 100000  bytes. Skipping this file...
tests_audio007_sent035.wav too small! Less than 100000  bytes. Skipping this file...
tests_audio008_sent002.wav too small! Less than 100000  bytes. Skipping this file...
tests_audio008_sent006.wav too small! Less than 100000  bytes. Skipping this file...
tests_audio008_sent007.wav too small! Less than 100000  bytes. Skipping this file...
tests_audio008_sent008.wav too small! Less than 100000  bytes. Skipping this file...
tests_audio008_sent021.wav too small! Less than 100000  bytes. Skipping this file...
tests_audio008_sent026.wav too small! Less than 100000  bytes. Skipping this file...
tests_audio008_sent029.wav too small! Less than 100000  bytes. Skipping this file...
tests_audio008_sent030.wav too small! Less than 100000  bytes. Skipping this file...
tests_audio008_sent031.wav too small! Less than 100000  bytes. Skipping this file...
tests_audio009_sent001.wav too small! Less than 100000  bytes. Skipping this file...
tests_audio009_sent004.wav too small! Less than 100000  bytes. Skipping this file...
tests_audio009_sent005.wav too small! Less than 100000  bytes. Skipping this file...
tests_audio009_sent007.wav too small! Less than 100000  bytes. Skipping this file...
tests_audio009_sent008.wav too small! Less than 100000  bytes. Skipping this file...
tests_audio009_sent011.wav too small! Less than 100000  bytes. Skipping this file...
tests_audio009_sent017.wav too small! Less than 100000  bytes. Skipping this file...
tests_audio010_sent005.wav too small! Less than 100000  bytes. Skipping this file...
tests_audio010_sent006.wav too small! Less than 100000  bytes. Skipping this file...
tests_audio010_sent008.wav too small! Less than 100000  bytes. Skipping this file...
tests_audio010_sent013.wav too small! Less than 100000  bytes. Skipping this file...
tests_audio010_sent014.wav too small! Less than 100000  bytes. Skipping this file...
tests_audio010_sent022.wav too small! Less than 100000  bytes. Skipping this file...
tests_audio010_sent023.wav too small! Less than 100000  bytes. Skipping this file...
tests_audio011_sent001.wav too small! Less than 100000  bytes. Skipping this file...
tests_audio011_sent011.wav too small! Less than 100000  bytes. Skipping this file...
tests_audio011_sent017 in SENT_EXCLUDE_LIST
tests_audio011_sent018 in SENT_EXCLUDE_LIST
tests_audio011_sent019 in SENT_EXCLUDE_LIST
tests_audio011_sent020 in SENT_EXCLUDE_LIST
tests_audio011_sent021 in SENT_EXCLUDE_LIST
tests_audio011_sent022 in SENT_EXCLUDE_LIST
tests_audio011_sent023 in SENT_EXCLUDE_LIST
tests_audio011_sent024 in SENT_EXCLUDE_LIST
tests_audio011_sent025 in SENT_EXCLUDE_LIST
tests_audio011_sent026 in SENT_EXCLUDE_LIST
tests_audio011_sent027 in SENT_EXCLUDE_LIST
tests_audio011_sent028 in SENT_EXCLUDE_LIST
tests_audio011_sent029 in SENT_EXCLUDE_LIST
tests_audio011_sent030 in SENT_EXCLUDE_LIST
tests_audio011_sent031 in SENT_EXCLUDE_LIST
tests_audio011_sent032 in SENT_EXCLUDE_LIST
tests_audio011_sent033 in SENT_EXCLUDE_LIST
tests_audio012_sent003.wav too small! Less than 100000  bytes. Skipping this file...
tests_audio012_sent004.wav too small! Less than 100000  bytes. Skipping this file...
tests_audio012_sent005.wav too small! Less than 100000  bytes. Skipping this file...
tests_audio012_sent007.wav too small! Less than 100000  bytes. Skipping this file...
tests_audio012_sent011.wav too small! Less than 100000  bytes. Skipping this file...
tests_audio012_sent012.wav too small! Less than 100000  bytes. Skipping this file...
tests_audio012_sent014.wav too small! Less than 100000  bytes. Skipping this file...
tests_audio012_sent019.wav too small! Less than 100000  bytes. Skipping this file...
tests_audio012_sent022.wav too small! Less than 100000  bytes. Skipping this file...
tests_audio012_sent023.wav too small! Less than 100000  bytes. Skipping this file...
tests_audio012_sent025.wav too small! Less than 100000  bytes. Skipping this file...
tests_audio012_sent028.wav too small! Less than 100000  bytes. Skipping this file...
tests_audio012_sent029.wav too small! Less than 100000  bytes. Skipping this file...
tests_audio012_sent031.wav too small! Less than 100000  bytes. Skipping this file...
tests_audio012_sent032.wav too small! Less than 100000  bytes. Skipping this file...
tests_audio012_sent033.wav too small! Less than 100000  bytes. Skipping this file...
tests_audio013_sent001.wav too small! Less than 100000  bytes. Skipping this file...
tests_audio013_sent002.wav too small! Less than 100000  bytes. Skipping this file...
tests_audio013_sent004.wav too small! Less than 100000  bytes. Skipping this file...
tests_audio013_sent010.wav too small! Less than 100000  bytes. Skipping this file...
tests_audio013_sent016.wav too small! Less than 100000  bytes. Skipping this file...
tests_audio013_sent017.wav too small! Less than 100000  bytes. Skipping this file...
tests_audio013_sent019.wav too small! Less than 100000  bytes. Skipping this file...
tests_audio013_sent021.wav too small! Less than 100000  bytes. Skipping this file...
tests_audio013_sent023.wav too small! Less than 100000  bytes. Skipping this file...
tests_audio013_sent027.wav too small! Less than 100000  bytes. Skipping this file...
tests_audio013_sent029.wav too small! Less than 100000  bytes. Skipping this file...
tests_audio013_sent030.wav too small! Less than 100000  bytes. Skipping this file...
tests_audio013_sent031.wav too small! Less than 100000  bytes. Skipping this file...
tests_audio013_sent034.wav too small! Less than 100000  bytes. Skipping this file...
tests_audio013_sent036.wav too small! Less than 100000  bytes. Skipping this file...
tests_audio013_sent038.wav too small! Less than 100000  bytes. Skipping this file...
tests_audio014_sent001.wav too small! Less than 100000  bytes. Skipping this file...
tests_audio014_sent003.wav too small! Less than 100000  bytes. Skipping this file...
tests_audio014_sent004.wav too small! Less than 100000  bytes. Skipping this file...
tests_audio014_sent005.wav too small! Less than 100000  bytes. Skipping this file...
tests_audio014_sent006.wav too small! Less than 100000  bytes. Skipping this file...
tests_audio014_sent010.wav too small! Less than 100000  bytes. Skipping this file...
tests_audio014_sent011.wav too small! Less than 100000  bytes. Skipping this file...
tests_audio014_sent013.wav too small! Less than 100000  bytes. Skipping this file...
tests_audio014_sent016.wav too small! Less than 100000  bytes. Skipping this file...
tests_audio014_sent017.wav too small! Less than 100000  bytes. Skipping this file...
tests_audio014_sent019.wav too small! Less than 100000  bytes. Skipping this file...
tests_audio014_sent021.wav too small! Less than 100000  bytes. Skipping this file...
tests_audio014_sent022.wav too small! Less than 100000  bytes. Skipping this file...
tests_audio014_sent027.wav too small! Less than 100000  bytes. Skipping this file...
tests_audio014_sent028.wav too small! Less than 100000  bytes. Skipping this file...
tests_audio014_sent029.wav too small! Less than 100000  bytes. Skipping this file...
tests_audio014_sent030.wav too small! Less than 100000  bytes. Skipping this file...
tests_audio014_sent031.wav too small! Less than 100000  bytes. Skipping this file...
tests_audio014_sent035.wav too small! Less than 100000  bytes. Skipping this file...
tests_audio014_sent036.wav too small! Less than 100000  bytes. Skipping this file...
tests_audio014_sent037.wav too small! Less than 100000  bytes. Skipping this file...
tests_audio014_sent043.wav too small! Less than 100000  bytes. Skipping this file...
tests_audio014_sent044.wav too small! Less than 100000  bytes. Skipping this file...
tests_audio014_sent045.wav too small! Less than 100000  bytes. Skipping this file...
tests_audio014_sent046.wav too small! Less than 100000  bytes. Skipping this file...
tests_audio014_sent050.wav too small! Less than 100000  bytes. Skipping this file...
tests_audio015_sent001.wav too small! Less than 100000  bytes. Skipping this file...
tests_audio015_sent002.wav too small! Less than 100000  bytes. Skipping this file...
tests_audio015_sent004.wav too small! Less than 100000  bytes. Skipping this file...
tests_audio015_sent005.wav too small! Less than 100000  bytes. Skipping this file...
tests_audio015_sent007.wav too small! Less than 100000  bytes. Skipping this file...
tests_audio015_sent010.wav too small! Less than 100000  bytes. Skipping this file...
tests_audio015_sent012.wav too small! Less than 100000  bytes. Skipping this file...
tests_audio015_sent015.wav too small! Less than 100000  bytes. Skipping this file...
tests_audio015_sent017.wav too small! Less than 100000  bytes. Skipping this file...
tests_audio015_sent018.wav too small! Less than 100000  bytes. Skipping this file...
tests_audio015_sent019.wav too small! Less than 100000  bytes. Skipping this file...
tests_audio015_sent024.wav too small! Less than 100000  bytes. Skipping this file...
tests_audio015_sent025.wav too small! Less than 100000  bytes. Skipping this file...
tests_audio015_sent028.wav too small! Less than 100000  bytes. Skipping this file...
tests_audio015_sent029.wav too small! Less than 100000  bytes. Skipping this file...
tests_audio015_sent032.wav too small! Less than 100000  bytes. Skipping this file...
tests_audio015_sent036.wav too small! Less than 100000  bytes. Skipping this file...
tests_audio015_sent037.wav too small! Less than 100000  bytes. Skipping this file...
tests_audio015_sent038.wav too small! Less than 100000  bytes. Skipping this file...
tests_audio015_sent040.wav too small! Less than 100000  bytes. Skipping this file...
tests_audio015_sent042.wav too small! Less than 100000  bytes. Skipping this file...
tests_audio015_sent044.wav too small! Less than 100000  bytes. Skipping this file...
tests_audio015_sent045.wav too small! Less than 100000  bytes. Skipping this file...
tests_audio015_sent046.wav too small! Less than 100000  bytes. Skipping this file...
tests_audio015_sent052.wav too small! Less than 100000  bytes. Skipping this file...
tests_audio015_sent062.wav too small! Less than 100000  bytes. Skipping this file...
tests_audio016_sent005.wav too small! Less than 100000  bytes. Skipping this file...
tests_audio016_sent013.wav too small! Less than 100000  bytes. Skipping this file...
tests_audio017_sent001.wav too small! Less than 100000  bytes. Skipping this file...
tests_audio017_sent002.wav too small! Less than 100000  bytes. Skipping this file...
tests_audio017_sent003.wav too small! Less than 100000  bytes. Skipping this file...
tests_audio017_sent008.wav too small! Less than 100000  bytes. Skipping this file...
tests_audio017_sent009.wav too small! Less than 100000  bytes. Skipping this file...
tests_audio017_sent010.wav too small! Less than 100000  bytes. Skipping this file...
tests_audio017_sent023.wav too small! Less than 100000  bytes. Skipping this file...
tests_audio017_sent030.wav too small! Less than 100000  bytes. Skipping this file...
tests_audio017_sent032.wav too small! Less than 100000  bytes. Skipping this file...
tests_audio017_sent033.wav too small! Less than 100000  bytes. Skipping this file...
tests_audio017_sent036.wav too small! Less than 100000  bytes. Skipping this file...
tests_audio017_sent039.wav too small! Less than 100000  bytes. Skipping this file...
tests_audio017_sent040.wav too small! Less than 100000  bytes. Skipping this file...
tests_audio017_sent042.wav too small! Less than 100000  bytes. Skipping this file...
tests_audio017_sent043.wav too small! Less than 100000  bytes. Skipping this file...
tests_audio017_sent044.wav too small! Less than 100000  bytes. Skipping this file...
tests_audio017_sent045.wav too small! Less than 100000  bytes. Skipping this file...
tests_audio017_sent050.wav too small! Less than 100000  bytes. Skipping this file...
tests_audio017_sent053.wav too small! Less than 100000  bytes. Skipping this file...
tests_audio017_sent054.wav too small! Less than 100000  bytes. Skipping this file...
tests_audio018_sent002.wav too small! Less than 100000  bytes. Skipping this file...
tests_audio018_sent003.wav too small! Less than 100000  bytes. Skipping this file...
tests_audio018_sent004.wav too small! Less than 100000  bytes. Skipping this file...
tests_audio018_sent008.wav too small! Less than 100000  bytes. Skipping this file...
tests_audio018_sent012.wav too small! Less than 100000  bytes. Skipping this file...
tests_audio018_sent014.wav too small! Less than 100000  bytes. Skipping this file...
tests_audio018_sent019.wav too small! Less than 100000  bytes. Skipping this file...
tests_audio018_sent023.wav too small! Less than 100000  bytes. Skipping this file...
tests_audio018_sent025.wav too small! Less than 100000  bytes. Skipping this file...
tests_audio018_sent028.wav too small! Less than 100000  bytes. Skipping this file...
tests_audio019_sent001.wav too small! Less than 100000  bytes. Skipping this file...
tests_audio019_sent002.wav too small! Less than 100000  bytes. Skipping this file...
tests_audio019_sent004.wav too small! Less than 100000  bytes. Skipping this file...
tests_audio019_sent010.wav too small! Less than 100000  bytes. Skipping this file...
tests_audio019_sent011.wav too small! Less than 100000  bytes. Skipping this file...
tests_audio019_sent018.wav too small! Less than 100000  bytes. Skipping this file...
tests_audio019_sent020.wav too small! Less than 100000  bytes. Skipping this file...
tests_audio019_sent022.wav too small! Less than 100000  bytes. Skipping this file...
tests_audio019_sent024.wav too small! Less than 100000  bytes. Skipping this file...
tests_audio019_sent025.wav too small! Less than 100000  bytes. Skipping this file...
tests_audio019_sent027.wav too small! Less than 100000  bytes. Skipping this file...
tests_audio019_sent033.wav too small! Less than 100000  bytes. Skipping this file...
tests_audio019_sent034.wav too small! Less than 100000  bytes. Skipping this file...
tests_audio019_sent035.wav too small! Less than 100000  bytes. Skipping this file...
tests_audio019_sent036.wav too small! Less than 100000  bytes. Skipping this file...
tests_audio019_sent037.wav too small! Less than 100000  bytes. Skipping this file...
tests_audio019_sent041.wav too small! Less than 100000  bytes. Skipping this file...
tests_audio020_sent011.wav too small! Less than 100000  bytes. Skipping this file...
tests_audio021_sent001.wav too small! Less than 100000  bytes. Skipping this file...
tests_audio022_sent003.wav too small! Less than 100000  bytes. Skipping this file...
tests_audio022_sent015.wav too small! Less than 100000  bytes. Skipping this file...
tests_audio022_sent020.wav too small! Less than 100000  bytes. Skipping this file...
tests_audio022_sent023.wav too small! Less than 100000  bytes. Skipping this file...
tests_audio022_sent029.wav too small! Less than 100000  bytes. Skipping this file...
tests_audio022_sent031.wav too small! Less than 100000  bytes. Skipping this file...
tests_audio023_sent026.wav too small! Less than 100000  bytes. Skipping this file...
tests_audio024_sent001.wav too small! Less than 100000  bytes. Skipping this file...
tests_audio024_sent015.wav too small! Less than 100000  bytes. Skipping this file...
tests_audio024_sent018.wav too small! Less than 100000  bytes. Skipping this file...
tests_audio024_sent026.wav too small! Less than 100000  bytes. Skipping this file...
tests_audio025_sent001.wav too small! Less than 100000  bytes. Skipping this file...
tests_audio025_sent003.wav too small! Less than 100000  bytes. Skipping this file...
tests_audio025_sent008.wav too small! Less than 100000  bytes. Skipping this file...
tests_audio025_sent009.wav too small! Less than 100000  bytes. Skipping this file...
tests_audio025_sent017.wav too small! Less than 100000  bytes. Skipping this file...
tests_audio025_sent020.wav too small! Less than 100000  bytes. Skipping this file...
tests_audio026_sent001.wav too small! Less than 100000  bytes. Skipping this file...
tests_audio026_sent015.wav too small! Less than 100000  bytes. Skipping this file...
tests_audio026_sent022.wav too small! Less than 100000  bytes. Skipping this file...
tests_audio026_sent028.wav too small! Less than 100000  bytes. Skipping this file...
tests_audio026_sent034.wav too small! Less than 100000  bytes. Skipping this file...
tests_audio026_sent036.wav too small! Less than 100000  bytes. Skipping this file...
tests_audio027_sent001.wav too small! Less than 100000  bytes. Skipping this file...
tests_audio027_sent009.wav too small! Less than 100000  bytes. Skipping this file...
tests_audio027_sent013.wav too small! Less than 100000  bytes. Skipping this file...
tests_audio027_sent021.wav too small! Less than 100000  bytes. Skipping this file...
tests_audio028_sent001.wav too small! Less than 100000  bytes. Skipping this file...
tests_audio028_sent002.wav too small! Less than 100000  bytes. Skipping this file...
tests_audio028_sent003.wav too small! Less than 100000  bytes. Skipping this file...
tests_audio028_sent005.wav too small! Less than 100000  bytes. Skipping this file...
tests_audio028_sent006.wav too small! Less than 100000  bytes. Skipping this file...
tests_audio028_sent028.wav too small! Less than 100000  bytes. Skipping this file...
tests_audio028_sent031.wav too small! Less than 100000  bytes. Skipping this file...
tests_audio028_sent032.wav too small! Less than 100000  bytes. Skipping this file...
tests_audio029_sent003.wav too small! Less than 100000  bytes. Skipping this file...
tests_audio029_sent014.wav too small! Less than 100000  bytes. Skipping this file...
tests_audio030_sent015.wav too small! Less than 100000  bytes. Skipping this file...
tests_audio030_sent018.wav too small! Less than 100000  bytes. Skipping this file...
tests_audio031_sent001.wav too small! Less than 100000  bytes. Skipping this file...
tests_audio031_sent006.wav too small! Less than 100000  bytes. Skipping this file...
tests_audio031_sent015.wav too small! Less than 100000  bytes. Skipping this file...
tests_audio032_sent001.wav too small! Less than 100000  bytes. Skipping this file...
tests_audio032_sent005.wav too small! Less than 100000  bytes. Skipping this file...
Copying leslies data over
Copying cleaned data into merlin dir
Step 2: 
Preparing labels...
preparing full-contextual labels using Festival frontend...
creating a scheme file from text directory
generating utts from scheme file
converting festival utts to labels...
01_setup.sh 02_prepare_labels.sh 03_prepare_acoustic_features.sh 04_prepare_conf_files.sh 05_train_duration_model.sh 06_train_acoustic_model.sh 07_run_merlin.sh README.md conf database experiments run_demo_voice.sh scripts
normalizing label files for merlin...
forced-alignment using HTK tools...
---preparing enverionment
Force-alignment unsucessful!! Please check /group/project/cstr1/mscslp/2017-18/s1785140_Jason_Fong/merlin/misc/scripts/alignment/state_align/forced_alignment.py
Copying labels to duration and acoustic data directories...
done...!
append features to lab files
finished appending features to lab files
