sox WARN dither: dither clipped 1 samples; decrease volume?
sox WARN dither: dither clipped 3 samples; decrease volume?
sox WARN dither: dither clipped 1 samples; decrease volume?
sox WARN dither: dither clipped 16 samples; decrease volume?
sox WARN dither: dither clipped 1 samples; decrease volume?
sox WARN dither: dither clipped 1 samples; decrease volume?
sox WARN dither: dither clipped 1 samples; decrease volume?
sox WARN dither: dither clipped 1 samples; decrease volume?
sox WARN dither: dither clipped 4 samples; decrease volume?
sox WARN dither: dither clipped 3 samples; decrease volume?
sox WARN dither: dither clipped 1 samples; decrease volume?
sox WARN dither: dither clipped 4 samples; decrease volume?
sox WARN dither: dither clipped 1 samples; decrease volume?
sox WARN dither: dither clipped 1 samples; decrease volume?
sox WARN dither: dither clipped 7 samples; decrease volume?
sox WARN dither: dither clipped 7 samples; decrease volume?
sox WARN dither: dither clipped 2 samples; decrease volume?
sox WARN dither: dither clipped 3 samples; decrease volume?
sox WARN dither: dither clipped 3 samples; decrease volume?
sox WARN dither: dither clipped 5 samples; decrease volume?
sox WARN dither: dither clipped 10 samples; decrease volume?
sox WARN dither: dither clipped 34 samples; decrease volume?
sox WARN dither: dither clipped 15 samples; decrease volume?
sox WARN dither: dither clipped 5 samples; decrease volume?
sox WARN dither: dither clipped 10 samples; decrease volume?
sox WARN dither: dither clipped 11 samples; decrease volume?
sox WARN dither: dither clipped 9 samples; decrease volume?
sox WARN dither: dither clipped 1 samples; decrease volume?
sox WARN dither: dither clipped 23 samples; decrease volume?
sox WARN dither: dither clipped 4 samples; decrease volume?
sox WARN dither: dither clipped 15 samples; decrease volume?
sox WARN dither: dither clipped 6 samples; decrease volume?
sox WARN dither: dither clipped 9 samples; decrease volume?
sox WARN dither: dither clipped 24 samples; decrease volume?
sox WARN dither: dither clipped 10 samples; decrease volume?
sox WARN dither: dither clipped 6 samples; decrease volume?
sox WARN dither: dither clipped 4 samples; decrease volume?
sox WARN dither: dither clipped 4 samples; decrease volume?
sox WARN dither: dither clipped 9 samples; decrease volume?
sox WARN dither: dither clipped 2 samples; decrease volume?
sox WARN dither: dither clipped 1 samples; decrease volume?
sox WARN dither: dither clipped 5 samples; decrease volume?
sox WARN dither: dither clipped 7 samples; decrease volume?
sox WARN dither: dither clipped 5 samples; decrease volume?
sox WARN dither: dither clipped 1 samples; decrease volume?
sox WARN dither: dither clipped 3 samples; decrease volume?
sox WARN dither: dither clipped 1 samples; decrease volume?
Traceback (most recent call last):
  File "/group/project/cstr1/mscslp/2017-18/s1785140_Jason_Fong/merlin/misc/scripts/frontend/utils/genScmFile.py", line 61, in <module>
    utt_text   = create_dictionary_from_txt_dir(in_txt_dir)
  File "/group/project/cstr1/mscslp/2017-18/s1785140_Jason_Fong/merlin/misc/scripts/frontend/utils/genScmFile.py", line 22, in create_dictionary_from_txt_dir
    text = readtext(textfile)
  File "/group/project/cstr1/mscslp/2017-18/s1785140_Jason_Fong/merlin/misc/scripts/frontend/utils/genScmFile.py", line 6, in readtext
    data = f.read()
  File "/afs/inf.ed.ac.uk/user/s17/s1785140/miniconda3/envs/msc/lib/python3.6/encodings/ascii.py", line 26, in decode
    return codecs.ascii_decode(input, self.errors)[0]
UnicodeDecodeError: 'ascii' codec can't decode byte 0xe2 in position 50: ordinal not in range(128)
UniSyn: using default diphone ax-ax for w-s
UniSyn: using default diphone ax-ax for w-hh
/group/project/cstr1/mscslp/2017-18/s1785140_Jason_Fong/merlin/src/logplot/logging_plotting.py:55: UserWarning: 
This call to matplotlib.use() has no effect because the backend has already
been chosen; matplotlib.use() must be called *before* pylab, matplotlib.pyplot,
or matplotlib.backends is imported for the first time.

The backend was *originally* set to 'agg' by the following code:
  File "/group/project/cstr1/mscslp/2017-18/s1785140_Jason_Fong/merlin/src/run_merlin_tp.py", line 76, in <module>
    from models.deep_rnn import DeepRecurrentNetwork
  File "/group/project/cstr1/mscslp/2017-18/s1785140_Jason_Fong/merlin/src/models/deep_rnn.py", line 16, in <module>
    from training_schemes.rprop import compile_RPROP_train_function
  File "/group/project/cstr1/mscslp/2017-18/s1785140_Jason_Fong/merlin/src/training_schemes/rprop.py", line 47, in <module>
    import  matplotlib.pyplot as plt
  File "/afs/inf.ed.ac.uk/user/s17/s1785140/miniconda3/envs/merlin/lib/python3.6/site-packages/matplotlib/pyplot.py", line 71, in <module>
    from matplotlib.backends import pylab_setup
  File "/afs/inf.ed.ac.uk/user/s17/s1785140/miniconda3/envs/merlin/lib/python3.6/site-packages/matplotlib/backends/__init__.py", line 16, in <module>
    line for line in traceback.format_stack()


  matplotlib.use('PDF')
2018-07-21 23:26:33,250     INFO  configuration:           Paths:work has    user value /group/project/cstr1/mscslp/2017-18/s1785140_Jason_Fong/merlin/egs/tokenprojection/s1/experiments/tokenprojection_alldata/duration_model
2018-07-21 23:26:33,254     INFO  configuration:           Paths:data has    user value /group/project/cstr1/mscslp/2017-18/s1785140_Jason_Fong/merlin/egs/tokenprojection/s1/experiments/tokenprojection_alldata/duration_model/data
2018-07-21 23:26:33,255     INFO  configuration:     Paths:inter_data has    user value /group/project/cstr1/mscslp/2017-18/s1785140_Jason_Fong/merlin/egs/tokenprojection/s1/experiments/tokenprojection_alldata/duration_model/inter_module
2018-07-21 23:26:33,255     INFO  configuration:           Paths:plot has    user value /group/project/cstr1/mscslp/2017-18/s1785140_Jason_Fong/merlin/egs/tokenprojection/s1/experiments/tokenprojection_alldata/duration_model/plots
2018-07-21 23:26:33,255     INFO  configuration:       Paths:inp_feat has default value /group/project/cstr1/mscslp/2017-18/s1785140_Jason_Fong/merlin/egs/tokenprojection/s1/experiments/tokenprojection_alldata/duration_model/inter_module/nn_no_silence_lab_norm_425
2018-07-21 23:26:33,256     INFO  configuration:       Paths:out_feat has default value /group/project/cstr1/mscslp/2017-18/s1785140_Jason_Fong/merlin/egs/tokenprojection/s1/experiments/tokenprojection_alldata/duration_model/inter_module/nn_norm_mgc_lf0_vuv_bap_187
2018-07-21 23:26:33,256     INFO  configuration:         Paths:models has default value /group/project/cstr1/mscslp/2017-18/s1785140_Jason_Fong/merlin/egs/tokenprojection/s1/experiments/tokenprojection_alldata/duration_model/nnets_model
2018-07-21 23:26:33,256     INFO  configuration:          Paths:stats has default value /group/project/cstr1/mscslp/2017-18/s1785140_Jason_Fong/merlin/egs/tokenprojection/s1/experiments/tokenprojection_alldata/duration_model/stats
2018-07-21 23:26:33,256     INFO  configuration:            Paths:gen has default value /group/project/cstr1/mscslp/2017-18/s1785140_Jason_Fong/merlin/egs/tokenprojection/s1/experiments/tokenprojection_alldata/duration_model/gen
2018-07-21 23:26:33,257     INFO  configuration:      Paths:pred_feat has default value /group/project/cstr1/mscslp/2017-18/s1785140_Jason_Fong/merlin/egs/tokenprojection/s1/experiments/tokenprojection_alldata/duration_model/gen
2018-07-21 23:26:33,257     INFO  configuration:         Utility:plot has default value False
2018-07-21 23:26:33,257     INFO  configuration:      Utility:profile has default value False
2018-07-21 23:26:33,258     INFO  configuration:   Paths:file_id_list has    user value /group/project/cstr1/mscslp/2017-18/s1785140_Jason_Fong/merlin/egs/tokenprojection/s1/experiments/tokenprojection_alldata/duration_model/data/tokenprojection_alldata.scp
2018-07-21 23:26:33,258     INFO  configuration:   Paths:test_id_list has    user value /group/project/cstr1/mscslp/2017-18/s1785140_Jason_Fong/merlin/egs/tokenprojection/s1/experiments/tokenprojection_alldata/duration_model/data/test_id_list.scp
2018-07-21 23:26:33,258     INFO  configuration:         Paths:GV_dir has default value /group/project/cstr1/mscslp/2017-18/s1785140_Jason_Fong/merlin/egs/tokenprojection/s1/experiments/tokenprojection_alldata/duration_model/data/GV
2018-07-21 23:26:33,258     INFO  configuration:   Paths:in_stepw_dir has default value /group/project/cstr1/mscslp/2017-18/s1785140_Jason_Fong/merlin/egs/tokenprojection/s1/experiments/tokenprojection_alldata/duration_model/data/stepw
2018-07-21 23:26:33,259     INFO  configuration:     Paths:in_mgc_dir has default value /group/project/cstr1/mscslp/2017-18/s1785140_Jason_Fong/merlin/egs/tokenprojection/s1/experiments/tokenprojection_alldata/duration_model/data/mgc
2018-07-21 23:26:33,259     INFO  configuration:     Paths:in_lf0_dir has default value /group/project/cstr1/mscslp/2017-18/s1785140_Jason_Fong/merlin/egs/tokenprojection/s1/experiments/tokenprojection_alldata/duration_model/data/lf0
2018-07-21 23:26:33,259     INFO  configuration:     Paths:in_bap_dir has default value /group/project/cstr1/mscslp/2017-18/s1785140_Jason_Fong/merlin/egs/tokenprojection/s1/experiments/tokenprojection_alldata/duration_model/data/bap
2018-07-21 23:26:33,259     INFO  configuration:      Paths:in_sp_dir has default value /group/project/cstr1/mscslp/2017-18/s1785140_Jason_Fong/merlin/egs/tokenprojection/s1/experiments/tokenprojection_alldata/duration_model/data/sp
2018-07-21 23:26:33,260     INFO  configuration:  Paths:in_seglf0_dir has default value /group/project/cstr1/mscslp/2017-18/s1785140_Jason_Fong/merlin/egs/tokenprojection/s1/experiments/tokenprojection_alldata/duration_model/data/lf03
2018-07-21 23:26:33,260     INFO  configuration:      Paths:in_F0_dir has default value /group/project/cstr1/mscslp/2017-18/s1785140_Jason_Fong/merlin/egs/tokenprojection/s1/experiments/tokenprojection_alldata/duration_model/data/F0
2018-07-21 23:26:33,260     INFO  configuration:    Paths:in_Gain_dir has default value /group/project/cstr1/mscslp/2017-18/s1785140_Jason_Fong/merlin/egs/tokenprojection/s1/experiments/tokenprojection_alldata/duration_model/data/Gain
2018-07-21 23:26:33,260     INFO  configuration:     Paths:in_HNR_dir has default value /group/project/cstr1/mscslp/2017-18/s1785140_Jason_Fong/merlin/egs/tokenprojection/s1/experiments/tokenprojection_alldata/duration_model/data/HNR
2018-07-21 23:26:33,261     INFO  configuration:     Paths:in_LSF_dir has default value /group/project/cstr1/mscslp/2017-18/s1785140_Jason_Fong/merlin/egs/tokenprojection/s1/experiments/tokenprojection_alldata/duration_model/data/LSF
2018-07-21 23:26:33,261     INFO  configuration: Paths:in_LSFsource_dir has default value /group/project/cstr1/mscslp/2017-18/s1785140_Jason_Fong/merlin/egs/tokenprojection/s1/experiments/tokenprojection_alldata/duration_model/data/LSFsource
2018-07-21 23:26:33,261     INFO  configuration:      Paths:in_f0_dir has default value /group/project/cstr1/mscslp/2017-18/s1785140_Jason_Fong/merlin/egs/tokenprojection/s1/experiments/tokenprojection_alldata/duration_model/data/f0
2018-07-21 23:26:33,261     INFO  configuration:    Paths:in_gain_dir has default value /group/project/cstr1/mscslp/2017-18/s1785140_Jason_Fong/merlin/egs/tokenprojection/s1/experiments/tokenprojection_alldata/duration_model/data/gain
2018-07-21 23:26:33,262     INFO  configuration:     Paths:in_hnr_dir has default value /group/project/cstr1/mscslp/2017-18/s1785140_Jason_Fong/merlin/egs/tokenprojection/s1/experiments/tokenprojection_alldata/duration_model/data/hnr
2018-07-21 23:26:33,262     INFO  configuration:     Paths:in_lsf_dir has default value /group/project/cstr1/mscslp/2017-18/s1785140_Jason_Fong/merlin/egs/tokenprojection/s1/experiments/tokenprojection_alldata/duration_model/data/lsf
2018-07-21 23:26:33,262     INFO  configuration:    Paths:in_slsf_dir has default value /group/project/cstr1/mscslp/2017-18/s1785140_Jason_Fong/merlin/egs/tokenprojection/s1/experiments/tokenprojection_alldata/duration_model/data/slsf
2018-07-21 23:26:33,262     INFO  configuration:     Paths:in_pdd_dir has default value /group/project/cstr1/mscslp/2017-18/s1785140_Jason_Fong/merlin/egs/tokenprojection/s1/experiments/tokenprojection_alldata/duration_model/data/pdd
2018-07-21 23:26:33,263     INFO  configuration: Paths:in_acous_feats_dir has default value /group/project/cstr1/mscslp/2017-18/s1785140_Jason_Fong/merlin/egs/tokenprojection/s1/experiments/tokenprojection_alldata/duration_model/data/in_acoustic_feats
2018-07-21 23:26:33,263     INFO  configuration:    Paths:nat_wav_dir has default value /group/project/cstr1/mscslp/2017-18/s1785140_Jason_Fong/merlin/egs/tokenprojection/s1/experiments/tokenprojection_alldata/duration_model/data/nat_wavs
2018-07-21 23:26:33,263     INFO  configuration: Input-Output:inp_dim has default value 425
2018-07-21 23:26:33,264     INFO  configuration: Input-Output:out_dim has default value 187
2018-07-21 23:26:33,264     INFO  configuration: Input-Output:inp_file_ext has default value .lab
2018-07-21 23:26:33,264     INFO  configuration: Input-Output:out_file_ext has default value .cmp
2018-07-21 23:26:33,264     INFO  configuration: Input-Output:inp_norm has default value MINMAX
2018-07-21 23:26:33,264     INFO  configuration: Input-Output:out_norm has default value MINMAX
2018-07-21 23:26:33,265     INFO  configuration: Paths:in_seq_dur_dir has default value /group/project/cstr1/mscslp/2017-18/s1785140_Jason_Fong/merlin/egs/tokenprojection/s1/experiments/tokenprojection_alldata/duration_model/data/S2S_dur
2018-07-21 23:26:33,265     INFO  configuration:     Paths:in_dur_dir has    user value /group/project/cstr1/mscslp/2017-18/s1785140_Jason_Fong/merlin/egs/tokenprojection/s1/experiments/tokenprojection_alldata/duration_model/data/dur
2018-07-21 23:26:33,265     INFO  configuration: Paths:nn_norm_temp_dir has default value /group/project/cstr1/mscslp/2017-18/s1785140_Jason_Fong/merlin/egs/tokenprojection/s1/experiments/tokenprojection_alldata/duration_model/data/step_hidden9
2018-07-21 23:26:33,265     INFO  configuration: Labels:process_labels_in_work_dir has default value False
2018-07-21 23:26:33,266     INFO  configuration:   Labels:label_style has default value HTS
2018-07-21 23:26:33,266     INFO  configuration:    Labels:label_type has    user value state_align
2018-07-21 23:26:33,266     INFO  configuration:   Labels:label_align has    user value /group/project/cstr1/mscslp/2017-18/s1785140_Jason_Fong/merlin/egs/tokenprojection/s1/experiments/tokenprojection_alldata/duration_model/data/label_state_align
2018-07-21 23:26:33,267     INFO  configuration: Labels:question_file_name has    user value /group/project/cstr1/mscslp/2017-18/s1785140_Jason_Fong/merlin/misc/questions/questions-radio_dnn_416_tp.hed
2018-07-21 23:26:33,267     INFO  configuration: Labels:linguistic_file_name has default value /group/project/cstr1/mscslp/2017-18/s1785140_Jason_Fong/merlin/egs/tokenprojection/s1/experiments/tokenprojection_alldata/duration_model/data/hed_feats.txt
2018-07-21 23:26:33,267     INFO  configuration: Labels:silence_pattern has    user value ['*-sil+*']
2018-07-21 23:26:33,267     INFO  configuration: Labels:subphone_feats has    user value none
2018-07-21 23:26:33,268     INFO  configuration: Labels:additional_features has default value {}
2018-07-21 23:26:33,268     INFO  configuration: Labels:xpath_file_name has default value /group/project/cstr1/mscslp/2017-18/s1785140_Jason_Fong/merlin/egs/tokenprojection/s1/experiments/tokenprojection_alldata/duration_model/data/xml_labels/xpaths.txt
2018-07-21 23:26:33,268     INFO  configuration:  Labels:label_config has default value configuration/examplelabelconfigfile.py
2018-07-21 23:26:33,268     INFO  configuration: Labels:add_frame_features has    user value False
2018-07-21 23:26:33,268     INFO  configuration: Labels:fill_missing_values has default value False
2018-07-21 23:26:33,269     INFO  configuration: Labels:xpath_label_align has default value /group/project/cstr1/mscslp/2017-18/s1785140_Jason_Fong/merlin/egs/tokenprojection/s1/experiments/tokenprojection_alldata/duration_model/data/label_state_align
2018-07-21 23:26:33,269     INFO  configuration: Labels:enforce_silence has default value False
2018-07-21 23:26:33,269     INFO  configuration: Labels:remove_silence_using_binary_labels has default value False
2018-07-21 23:26:33,269     INFO  configuration: Labels:remove_silence_using_hts_labels has default value True
2018-07-21 23:26:33,270     INFO  configuration: Labels:precompile_xpaths has default value True
2018-07-21 23:26:33,270     INFO  configuration: Labels:iterate_over_frames has default value True
2018-07-21 23:26:33,270     INFO  configuration: Labels:appended_input_dim has default value 0
2018-07-21 23:26:33,270     INFO  configuration:     Data:buffer_size has    user value 200000
2018-07-21 23:26:33,271     INFO  configuration: Data:train_file_number has    user value 8602
2018-07-21 23:26:33,271     INFO  configuration: Data:valid_file_number has    user value 477
2018-07-21 23:26:33,271     INFO  configuration: Data:test_file_number has    user value 477
2018-07-21 23:26:33,271     INFO  configuration:       Paths:log_path has    user value /group/project/cstr1/mscslp/2017-18/s1785140_Jason_Fong/merlin/egs/tokenprojection/s1/experiments/tokenprojection_alldata/duration_model/log
2018-07-21 23:26:33,272     INFO  configuration:       Paths:log_file has    user value /group/project/cstr1/mscslp/2017-18/s1785140_Jason_Fong/merlin/egs/tokenprojection/s1/experiments/tokenprojection_alldata/duration_model/log/mylogfilename.log
2018-07-21 23:26:33,272     INFO  configuration: Paths:log_config_file has    user value /group/project/cstr1/mscslp/2017-18/s1785140_Jason_Fong/merlin/egs/tokenprojection/s1/conf/logging_config.conf
2018-07-21 23:26:33,272     INFO  configuration:           Paths:sptk has default value tools/bin/SPTK-3.9
2018-07-21 23:26:33,272     INFO  configuration:       Paths:straight has default value tools/bin/straight
2018-07-21 23:26:33,273     INFO  configuration:          Paths:world has default value tools/bin/WORLD
2018-07-21 23:26:33,273     INFO  configuration:       Paths:glotthmm has default value tools/bin/glotthmm
2018-07-21 23:26:33,273     INFO  configuration:       Paths:glottdnn has default value tools/bin/glottdnn
2018-07-21 23:26:33,273     INFO  configuration:           Paths:hmpd has default value tools/bin/hmpd
2018-07-21 23:26:33,273     INFO  configuration:       Paths:magphase has default value tools/bin/magphase/src
2018-07-21 23:26:33,274     INFO  configuration: Architecture:network_type has default value RNN
2018-07-21 23:26:33,274     INFO  configuration: Architecture:model_type has default value DNN
2018-07-21 23:26:33,274     INFO  configuration: Architecture:hidden_layer_type has    user value ['TANH', 'TANH', 'TANH', 'TANH', 'TANH', 'TANH']
2018-07-21 23:26:33,274     INFO  configuration: Architecture:output_layer_type has default value LINEAR
2018-07-21 23:26:33,275     INFO  configuration: Architecture:sequential_training has    user value False
2018-07-21 23:26:33,275     INFO  configuration: Architecture:rnn_batch_training has default value False
2018-07-21 23:26:33,275     INFO  configuration: Architecture:dropout_rate has    user value 0.0
2018-07-21 23:26:33,275     INFO  configuration: Architecture:switch_to_keras has    user value False
2018-07-21 23:26:33,276     INFO  configuration: Architecture:switch_to_tensorflow has    user value False
2018-07-21 23:26:33,276     INFO  configuration:  Architecture:scheme has default value stagewise
2018-07-21 23:26:33,276     INFO  configuration: Architecture:index_to_project has default value 445
2018-07-21 23:26:33,276     INFO  configuration: Architecture:projection_insize has default value 10000
2018-07-21 23:26:33,276     INFO  configuration: Architecture:projection_outsize has default value 10
2018-07-21 23:26:33,277     INFO  configuration: Architecture:initial_projection_distrib has default value gaussian
2018-07-21 23:26:33,277     INFO  configuration: Architecture:projection_weights_output_dir has default value projection_weights
2018-07-21 23:26:33,277     INFO  configuration: Architecture:layers_with_projection_input has default value [0]
2018-07-21 23:26:33,277     INFO  configuration: Architecture:projection_learning_rate_scaling has default value 1.0
2018-07-21 23:26:33,278     INFO  configuration: Architecture:training_epochs has    user value 25
2018-07-21 23:26:33,278     INFO  configuration: Architecture:optimizer has    user value sgd
2018-07-21 23:26:33,278     INFO  configuration: Architecture:loss_function has default value mse
2018-07-21 23:26:33,278     INFO  configuration: Architecture:model_file_name has    user value feed_forward_6_tanh
2018-07-21 23:26:33,279     INFO  configuration: Architecture:stateful has default value False
2018-07-21 23:26:33,279     INFO  configuration: Architecture:use_high_batch_size has default value False
2018-07-21 23:26:33,279     INFO  configuration: Architecture:training_algo has default value 1
2018-07-21 23:26:33,279     INFO  configuration: Architecture:merge_size has default value 1
2018-07-21 23:26:33,280     INFO  configuration: Architecture:seq_length has default value 200
2018-07-21 23:26:33,280     INFO  configuration: Architecture:bucket_range has default value 100
2018-07-21 23:26:33,280     INFO  configuration: Architecture:encoder_decoder has default value False
2018-07-21 23:26:33,280     INFO  configuration: Architecture:attention has default value False
2018-07-21 23:26:33,280     INFO  configuration:    Architecture:cbhg has default value False
2018-07-21 23:26:33,281     INFO  configuration:    Data:shuffle_data has default value True
2018-07-21 23:26:33,281     INFO  configuration:   Processes:NORMDATA has default value False
2018-07-21 23:26:33,281     INFO  configuration: Processes:TRAINMODEL has default value False
2018-07-21 23:26:33,281     INFO  configuration:  Processes:TESTMODEL has default value False
2018-07-21 23:26:33,282     INFO  configuration: Architecture:learning_rate has    user value 0.002
2018-07-21 23:26:33,282     INFO  configuration: Architecture:lr_decay has    user value -1
2018-07-21 23:26:33,282     INFO  configuration: Architecture:L2_regularization has default value 1e-05
2018-07-21 23:26:33,282     INFO  configuration: Architecture:L1_regularization has default value 0.0
2018-07-21 23:26:33,283     INFO  configuration: Architecture:batch_size has    user value 64
2018-07-21 23:26:33,283     INFO  configuration: Architecture:training_epochs has    user value 25
2018-07-21 23:26:33,283     INFO  configuration: Architecture:hidden_activation has default value tanh
2018-07-21 23:26:33,283     INFO  configuration: Architecture:output_activation has default value linear
2018-07-21 23:26:33,283     INFO  configuration: Architecture:hidden_layer_size has    user value [1024, 1024, 1024, 1024, 1024, 1024]
2018-07-21 23:26:33,284     INFO  configuration: Architecture:private_hidden_sizes has default value [1024]
2018-07-21 23:26:33,284     INFO  configuration: Architecture:stream_weights has default value [1.0]
2018-07-21 23:26:33,284     INFO  configuration: Architecture:private_l2_reg has default value 1e-05
2018-07-21 23:26:33,284     INFO  configuration: Architecture:warmup_epoch has    user value 10
2018-07-21 23:26:33,284     INFO  configuration: Architecture:warmup_momentum has default value 0.3
2018-07-21 23:26:33,285     INFO  configuration: Architecture:momentum has default value 0.9
2018-07-21 23:26:33,285     INFO  configuration: Architecture:warmup_epoch has    user value 10
2018-07-21 23:26:33,285     INFO  configuration: Architecture:mdn_component has default value 1
2018-07-21 23:26:33,285     INFO  configuration: Architecture:var_floor has default value 0.01
2018-07-21 23:26:33,285     INFO  configuration: Architecture:beta_opt has default value False
2018-07-21 23:26:33,285     INFO  configuration: Architecture:eff_sample_size has default value 0.8
2018-07-21 23:26:33,286     INFO  configuration: Architecture:mean_log_det has default value -100.0
2018-07-21 23:26:33,286     INFO  configuration: Architecture:start_from_trained_model has default value _
2018-07-21 23:26:33,286     INFO  configuration: Architecture:use_rprop has default value 0
2018-07-21 23:26:33,286     INFO  configuration: Architecture:use_lhuc has default value False
2018-07-21 23:26:33,286     INFO  configuration: Architecture:freeze_layers has default value 0
2018-07-21 23:26:33,287     INFO  configuration:          Outputs:mgc has default value 60
2018-07-21 23:26:33,287     INFO  configuration:         Outputs:dmgc has default value 180
2018-07-21 23:26:33,287     INFO  configuration:          Outputs:vuv has default value 1
2018-07-21 23:26:33,287     INFO  configuration:          Outputs:lf0 has default value 1
2018-07-21 23:26:33,287     INFO  configuration:         Outputs:dlf0 has default value 3
2018-07-21 23:26:33,287     INFO  configuration:          Outputs:bap has default value 25
2018-07-21 23:26:33,288     INFO  configuration:         Outputs:dbap has default value 75
2018-07-21 23:26:33,288     INFO  configuration:          Outputs:cmp has default value 259
2018-07-21 23:26:33,288     INFO  configuration:    Outputs:stepw_dim has default value 55
2018-07-21 23:26:33,288     INFO  configuration:  Outputs:temp_sp_dim has default value 1025
2018-07-21 23:26:33,288     INFO  configuration:   Outputs:seglf0_dim has default value 7
2018-07-21 23:26:33,288     INFO  configuration:    Outputs:delta_win has default value [-0.5, 0.0, 0.5]
2018-07-21 23:26:33,289     INFO  configuration:      Outputs:acc_win has default value [1.0, -2.0, 1.0]
2018-07-21 23:26:33,289     INFO  configuration:      Outputs:do_MLPG has default value True
2018-07-21 23:26:33,289     INFO  configuration:           Outputs:F0 has default value 1
2018-07-21 23:26:33,289     INFO  configuration:          Outputs:dF0 has default value 3
2018-07-21 23:26:33,289     INFO  configuration:         Outputs:Gain has default value 1
2018-07-21 23:26:33,289     INFO  configuration:        Outputs:dGain has default value 3
2018-07-21 23:26:33,289     INFO  configuration:          Outputs:HNR has default value 5
2018-07-21 23:26:33,290     INFO  configuration:         Outputs:dHNR has default value 15
2018-07-21 23:26:33,290     INFO  configuration:          Outputs:LSF has default value 30
2018-07-21 23:26:33,290     INFO  configuration:         Outputs:dLSF has default value 90
2018-07-21 23:26:33,290     INFO  configuration:    Outputs:LSFsource has default value 10
2018-07-21 23:26:33,290     INFO  configuration:   Outputs:dLSFsource has default value 30
2018-07-21 23:26:33,290     INFO  configuration:           Outputs:f0 has default value 1
2018-07-21 23:26:33,290     INFO  configuration:          Outputs:df0 has default value 3
2018-07-21 23:26:33,290     INFO  configuration:         Outputs:gain has default value 1
2018-07-21 23:26:33,291     INFO  configuration:        Outputs:dgain has default value 3
2018-07-21 23:26:33,291     INFO  configuration:          Outputs:hnr has default value 5
2018-07-21 23:26:33,291     INFO  configuration:         Outputs:dhnr has default value 15
2018-07-21 23:26:33,291     INFO  configuration:          Outputs:lsf has default value 30
2018-07-21 23:26:33,291     INFO  configuration:         Outputs:dlsf has default value 90
2018-07-21 23:26:33,291     INFO  configuration:         Outputs:slsf has default value 10
2018-07-21 23:26:33,291     INFO  configuration:        Outputs:dslsf has default value 30
2018-07-21 23:26:33,291     INFO  configuration:          Outputs:pdd has default value 25
2018-07-21 23:26:33,292     INFO  configuration:         Outputs:dpdd has default value 75
2018-07-21 23:26:33,292     INFO  configuration:          Outputs:mag has default value 60
2018-07-21 23:26:33,292     INFO  configuration:         Outputs:dmag has default value 180
2018-07-21 23:26:33,292     INFO  configuration:         Outputs:real has default value 45
2018-07-21 23:26:33,292     INFO  configuration:        Outputs:dreal has default value 135
2018-07-21 23:26:33,292     INFO  configuration:         Outputs:imag has default value 45
2018-07-21 23:26:33,292     INFO  configuration:        Outputs:dimag has default value 135
2018-07-21 23:26:33,292     INFO  configuration:      Outputs:seq_dur has default value 1
2018-07-21 23:26:33,293     INFO  configuration: Outputs:remove_silence_from_dur has default value True
2018-07-21 23:26:33,293     INFO  configuration:          Outputs:dur has    user value 5
2018-07-21 23:26:33,293     INFO  configuration: Outputs:dur_feature_type has default value numerical
2018-07-21 23:26:33,293     INFO  configuration: Outputs:dur_unit_size has default value phoneme
2018-07-21 23:26:33,293     INFO  configuration: Outputs:dur_feat_size has default value phoneme
2018-07-21 23:26:33,293     INFO  configuration: Outputs:output_feature_normalisation has default value MVN
2018-07-21 23:26:33,293     INFO  configuration: Streams:multistream_switch has default value False
2018-07-21 23:26:33,294     INFO  configuration: Streams:output_features has    user value ['dur']
2018-07-21 23:26:33,294     INFO  configuration: Streams:gen_wav_features has default value ['mgc', 'bap', 'lf0']
2018-07-21 23:26:33,294     INFO  configuration: Waveform:vocoder_type has default value STRAIGHT
2018-07-21 23:26:33,294     INFO  configuration:  Waveform:samplerate has default value 48000
2018-07-21 23:26:33,294     INFO  configuration: Waveform:framelength has default value 4096
2018-07-21 23:26:33,294     INFO  configuration:  Waveform:frameshift has default value 5.0
2018-07-21 23:26:33,294     INFO  configuration:      Waveform:sp_dim has default value 2049.0
2018-07-21 23:26:33,294     INFO  configuration:    Waveform:fw_alpha has default value 0.77
2018-07-21 23:26:33,294     INFO  configuration: Waveform:postfilter_coef has default value 1.4
2018-07-21 23:26:33,295     INFO  configuration: Waveform:minimum_phase_order has default value 2047
2018-07-21 23:26:33,295     INFO  configuration:  Waveform:use_cep_ap has default value True
2018-07-21 23:26:33,295     INFO  configuration: Waveform:do_post_filtering has default value True
2018-07-21 23:26:33,295     INFO  configuration:    Waveform:apply_GV has default value False
2018-07-21 23:26:33,295     INFO  configuration: Waveform:test_synth_dir has    user value None
2018-07-21 23:26:33,295     INFO  configuration: Waveform:magphase_pf_type has default value ['magphase', 'no', 'merlin']
2018-07-21 23:26:33,295     INFO  configuration: Waveform:magphase_const_rate has default value False
2018-07-21 23:26:33,295     INFO  configuration: Processes:DurationModel has    user value True
2018-07-21 23:26:33,295     INFO  configuration: Processes:AcousticModel has default value False
2018-07-21 23:26:33,296     INFO  configuration: Processes:VoiceConversion has default value False
2018-07-21 23:26:33,296     INFO  configuration: Processes:GenTestList has    user value False
2018-07-21 23:26:33,296     INFO  configuration:   Processes:ACFTEXTR has default value False
2018-07-21 23:26:33,296     INFO  configuration:    Processes:NORMLAB has    user value True
2018-07-21 23:26:33,296     INFO  configuration:    Processes:MAKEDUR has    user value True
2018-07-21 23:26:33,296     INFO  configuration:    Processes:MAKECMP has    user value True
2018-07-21 23:26:33,296     INFO  configuration:    Processes:NORMCMP has    user value True
2018-07-21 23:26:33,296     INFO  configuration:   Processes:TRAINDNN has    user value True
2018-07-21 23:26:33,296     INFO  configuration:     Processes:DNNGEN has    user value True
2018-07-21 23:26:33,296     INFO  configuration:     Processes:GENWAV has default value False
2018-07-21 23:26:33,297     INFO  configuration:     Processes:CALMCD has    user value True
2018-07-21 23:26:33,297     INFO  configuration:   Processes:NORMSTEP has default value False
2018-07-21 23:26:33,297     INFO  configuration:   Processes:GENBNFEA has default value False
2018-07-21 23:26:33,297     INFO  configuration:   Extensions:mgc_ext has default value .mgc
2018-07-21 23:26:33,297     INFO  configuration:   Extensions:bap_ext has default value .bap
2018-07-21 23:26:33,297     INFO  configuration:   Extensions:lf0_ext has default value .lf0
2018-07-21 23:26:33,297     INFO  configuration:   Extensions:cmp_ext has default value .cmp
2018-07-21 23:26:33,297     INFO  configuration:   Extensions:lab_ext has default value .lab
2018-07-21 23:26:33,297     INFO  configuration:   Extensions:utt_ext has default value .utt
2018-07-21 23:26:33,297     INFO  configuration: Extensions:stepw_ext has default value .stepw
2018-07-21 23:26:33,298     INFO  configuration:    Extensions:sp_ext has default value .sp
2018-07-21 23:26:33,298     INFO  configuration:    Extensions:F0_ext has default value .F0
2018-07-21 23:26:33,298     INFO  configuration:  Extensions:Gain_ext has default value .Gain
2018-07-21 23:26:33,298     INFO  configuration:   Extensions:HNR_ext has default value .HNR
2018-07-21 23:26:33,298     INFO  configuration:   Extensions:LSF_ext has default value .LSF
2018-07-21 23:26:33,298     INFO  configuration: Extensions:LSFsource_ext has default value .LSFsource
2018-07-21 23:26:33,298     INFO  configuration:    Extensions:f0_ext has default value .f0
2018-07-21 23:26:33,298     INFO  configuration:  Extensions:gain_ext has default value .gain
2018-07-21 23:26:33,298     INFO  configuration:   Extensions:hnr_ext has default value .hnr
2018-07-21 23:26:33,298     INFO  configuration:   Extensions:lsf_ext has default value .lsf
2018-07-21 23:26:33,299     INFO  configuration:  Extensions:slsf_ext has default value .slsf
2018-07-21 23:26:33,299     INFO  configuration:   Extensions:pdd_ext has default value .pdd
2018-07-21 23:26:33,299     INFO  configuration:   Extensions:mag_ext has default value .mag
2018-07-21 23:26:33,299     INFO  configuration:  Extensions:real_ext has default value .real
2018-07-21 23:26:33,299     INFO  configuration:  Extensions:imag_ext has default value .imag
2018-07-21 23:26:33,299     INFO  configuration:   Extensions:dur_ext has default value .dur
/group/project/cstr1/mscslp/2017-18/s1785140_Jason_Fong/merlin/src/logplot/logging_plotting.py:55: UserWarning: 
This call to matplotlib.use() has no effect because the backend has already
been chosen; matplotlib.use() must be called *before* pylab, matplotlib.pyplot,
or matplotlib.backends is imported for the first time.

The backend was *originally* set to 'agg' by the following code:
  File "/group/project/cstr1/mscslp/2017-18/s1785140_Jason_Fong/merlin/src/run_merlin_tp.py", line 76, in <module>
    from models.deep_rnn import DeepRecurrentNetwork
  File "/group/project/cstr1/mscslp/2017-18/s1785140_Jason_Fong/merlin/src/models/deep_rnn.py", line 16, in <module>
    from training_schemes.rprop import compile_RPROP_train_function
  File "/group/project/cstr1/mscslp/2017-18/s1785140_Jason_Fong/merlin/src/training_schemes/rprop.py", line 47, in <module>
    import  matplotlib.pyplot as plt
  File "/afs/inf.ed.ac.uk/user/s17/s1785140/miniconda3/envs/merlin/lib/python3.6/site-packages/matplotlib/pyplot.py", line 71, in <module>
    from matplotlib.backends import pylab_setup
  File "/afs/inf.ed.ac.uk/user/s17/s1785140/miniconda3/envs/merlin/lib/python3.6/site-packages/matplotlib/backends/__init__.py", line 16, in <module>
    line for line in traceback.format_stack()


  matplotlib.use('PDF')
2018-07-22 02:07:16,831     INFO  configuration:           Paths:work has    user value /group/project/cstr1/mscslp/2017-18/s1785140_Jason_Fong/merlin/egs/tokenprojection/s1/experiments/tokenprojection_alldata/acoustic_model
2018-07-22 02:07:16,832     INFO  configuration:           Paths:data has    user value /group/project/cstr1/mscslp/2017-18/s1785140_Jason_Fong/merlin/egs/tokenprojection/s1/experiments/tokenprojection_alldata/acoustic_model/data
2018-07-22 02:07:16,832     INFO  configuration:     Paths:inter_data has    user value /group/project/cstr1/mscslp/2017-18/s1785140_Jason_Fong/merlin/egs/tokenprojection/s1/experiments/tokenprojection_alldata/acoustic_model/inter_module
2018-07-22 02:07:16,832     INFO  configuration:           Paths:plot has    user value /group/project/cstr1/mscslp/2017-18/s1785140_Jason_Fong/merlin/egs/tokenprojection/s1/experiments/tokenprojection_alldata/acoustic_model/plots
2018-07-22 02:07:16,832     INFO  configuration:       Paths:inp_feat has default value /group/project/cstr1/mscslp/2017-18/s1785140_Jason_Fong/merlin/egs/tokenprojection/s1/experiments/tokenprojection_alldata/acoustic_model/inter_module/nn_no_silence_lab_norm_425
2018-07-22 02:07:16,832     INFO  configuration:       Paths:out_feat has default value /group/project/cstr1/mscslp/2017-18/s1785140_Jason_Fong/merlin/egs/tokenprojection/s1/experiments/tokenprojection_alldata/acoustic_model/inter_module/nn_norm_mgc_lf0_vuv_bap_187
2018-07-22 02:07:16,832     INFO  configuration:         Paths:models has default value /group/project/cstr1/mscslp/2017-18/s1785140_Jason_Fong/merlin/egs/tokenprojection/s1/experiments/tokenprojection_alldata/acoustic_model/nnets_model
2018-07-22 02:07:16,832     INFO  configuration:          Paths:stats has default value /group/project/cstr1/mscslp/2017-18/s1785140_Jason_Fong/merlin/egs/tokenprojection/s1/experiments/tokenprojection_alldata/acoustic_model/stats
2018-07-22 02:07:16,832     INFO  configuration:            Paths:gen has default value /group/project/cstr1/mscslp/2017-18/s1785140_Jason_Fong/merlin/egs/tokenprojection/s1/experiments/tokenprojection_alldata/acoustic_model/gen
2018-07-22 02:07:16,832     INFO  configuration:      Paths:pred_feat has default value /group/project/cstr1/mscslp/2017-18/s1785140_Jason_Fong/merlin/egs/tokenprojection/s1/experiments/tokenprojection_alldata/acoustic_model/gen
2018-07-22 02:07:16,832     INFO  configuration:         Utility:plot has default value False
2018-07-22 02:07:16,832     INFO  configuration:      Utility:profile has default value False
2018-07-22 02:07:16,833     INFO  configuration:   Paths:file_id_list has    user value /group/project/cstr1/mscslp/2017-18/s1785140_Jason_Fong/merlin/egs/tokenprojection/s1/experiments/tokenprojection_alldata/acoustic_model/data/tokenprojection_alldata.scp
2018-07-22 02:07:16,833     INFO  configuration:   Paths:test_id_list has    user value /group/project/cstr1/mscslp/2017-18/s1785140_Jason_Fong/merlin/egs/tokenprojection/s1/experiments/tokenprojection_alldata/acoustic_model/data/test_id_list.scp
2018-07-22 02:07:16,833     INFO  configuration:         Paths:GV_dir has default value /group/project/cstr1/mscslp/2017-18/s1785140_Jason_Fong/merlin/egs/tokenprojection/s1/experiments/tokenprojection_alldata/acoustic_model/data/GV
2018-07-22 02:07:16,833     INFO  configuration:   Paths:in_stepw_dir has default value /group/project/cstr1/mscslp/2017-18/s1785140_Jason_Fong/merlin/egs/tokenprojection/s1/experiments/tokenprojection_alldata/acoustic_model/data/stepw
2018-07-22 02:07:16,833     INFO  configuration:     Paths:in_mgc_dir has    user value /group/project/cstr1/mscslp/2017-18/s1785140_Jason_Fong/merlin/egs/tokenprojection/s1/experiments/tokenprojection_alldata/acoustic_model/data/mgc
2018-07-22 02:07:16,833     INFO  configuration:     Paths:in_lf0_dir has    user value /group/project/cstr1/mscslp/2017-18/s1785140_Jason_Fong/merlin/egs/tokenprojection/s1/experiments/tokenprojection_alldata/acoustic_model/data/lf0
2018-07-22 02:07:16,833     INFO  configuration:     Paths:in_bap_dir has    user value /group/project/cstr1/mscslp/2017-18/s1785140_Jason_Fong/merlin/egs/tokenprojection/s1/experiments/tokenprojection_alldata/acoustic_model/data/bap
2018-07-22 02:07:16,833     INFO  configuration:      Paths:in_sp_dir has default value /group/project/cstr1/mscslp/2017-18/s1785140_Jason_Fong/merlin/egs/tokenprojection/s1/experiments/tokenprojection_alldata/acoustic_model/data/sp
2018-07-22 02:07:16,833     INFO  configuration:  Paths:in_seglf0_dir has default value /group/project/cstr1/mscslp/2017-18/s1785140_Jason_Fong/merlin/egs/tokenprojection/s1/experiments/tokenprojection_alldata/acoustic_model/data/lf03
2018-07-22 02:07:16,833     INFO  configuration:      Paths:in_F0_dir has default value /group/project/cstr1/mscslp/2017-18/s1785140_Jason_Fong/merlin/egs/tokenprojection/s1/experiments/tokenprojection_alldata/acoustic_model/data/F0
2018-07-22 02:07:16,833     INFO  configuration:    Paths:in_Gain_dir has default value /group/project/cstr1/mscslp/2017-18/s1785140_Jason_Fong/merlin/egs/tokenprojection/s1/experiments/tokenprojection_alldata/acoustic_model/data/Gain
2018-07-22 02:07:16,833     INFO  configuration:     Paths:in_HNR_dir has default value /group/project/cstr1/mscslp/2017-18/s1785140_Jason_Fong/merlin/egs/tokenprojection/s1/experiments/tokenprojection_alldata/acoustic_model/data/HNR
2018-07-22 02:07:16,834     INFO  configuration:     Paths:in_LSF_dir has default value /group/project/cstr1/mscslp/2017-18/s1785140_Jason_Fong/merlin/egs/tokenprojection/s1/experiments/tokenprojection_alldata/acoustic_model/data/LSF
2018-07-22 02:07:16,834     INFO  configuration: Paths:in_LSFsource_dir has default value /group/project/cstr1/mscslp/2017-18/s1785140_Jason_Fong/merlin/egs/tokenprojection/s1/experiments/tokenprojection_alldata/acoustic_model/data/LSFsource
2018-07-22 02:07:16,834     INFO  configuration:      Paths:in_f0_dir has default value /group/project/cstr1/mscslp/2017-18/s1785140_Jason_Fong/merlin/egs/tokenprojection/s1/experiments/tokenprojection_alldata/acoustic_model/data/f0
2018-07-22 02:07:16,834     INFO  configuration:    Paths:in_gain_dir has default value /group/project/cstr1/mscslp/2017-18/s1785140_Jason_Fong/merlin/egs/tokenprojection/s1/experiments/tokenprojection_alldata/acoustic_model/data/gain
2018-07-22 02:07:16,834     INFO  configuration:     Paths:in_hnr_dir has default value /group/project/cstr1/mscslp/2017-18/s1785140_Jason_Fong/merlin/egs/tokenprojection/s1/experiments/tokenprojection_alldata/acoustic_model/data/hnr
2018-07-22 02:07:16,834     INFO  configuration:     Paths:in_lsf_dir has default value /group/project/cstr1/mscslp/2017-18/s1785140_Jason_Fong/merlin/egs/tokenprojection/s1/experiments/tokenprojection_alldata/acoustic_model/data/lsf
2018-07-22 02:07:16,834     INFO  configuration:    Paths:in_slsf_dir has default value /group/project/cstr1/mscslp/2017-18/s1785140_Jason_Fong/merlin/egs/tokenprojection/s1/experiments/tokenprojection_alldata/acoustic_model/data/slsf
2018-07-22 02:07:16,834     INFO  configuration:     Paths:in_pdd_dir has default value /group/project/cstr1/mscslp/2017-18/s1785140_Jason_Fong/merlin/egs/tokenprojection/s1/experiments/tokenprojection_alldata/acoustic_model/data/pdd
2018-07-22 02:07:16,834     INFO  configuration: Paths:in_acous_feats_dir has default value /group/project/cstr1/mscslp/2017-18/s1785140_Jason_Fong/merlin/egs/tokenprojection/s1/experiments/tokenprojection_alldata/acoustic_model/data/in_acoustic_feats
2018-07-22 02:07:16,834     INFO  configuration:    Paths:nat_wav_dir has default value /group/project/cstr1/mscslp/2017-18/s1785140_Jason_Fong/merlin/egs/tokenprojection/s1/experiments/tokenprojection_alldata/acoustic_model/data/nat_wavs
2018-07-22 02:07:16,834     INFO  configuration: Input-Output:inp_dim has default value 425
2018-07-22 02:07:16,834     INFO  configuration: Input-Output:out_dim has default value 187
2018-07-22 02:07:16,834     INFO  configuration: Input-Output:inp_file_ext has default value .lab
2018-07-22 02:07:16,834     INFO  configuration: Input-Output:out_file_ext has default value .cmp
2018-07-22 02:07:16,835     INFO  configuration: Input-Output:inp_norm has default value MINMAX
2018-07-22 02:07:16,835     INFO  configuration: Input-Output:out_norm has default value MINMAX
2018-07-22 02:07:16,835     INFO  configuration: Paths:in_seq_dur_dir has default value /group/project/cstr1/mscslp/2017-18/s1785140_Jason_Fong/merlin/egs/tokenprojection/s1/experiments/tokenprojection_alldata/acoustic_model/data/S2S_dur
2018-07-22 02:07:16,835     INFO  configuration:     Paths:in_dur_dir has default value /group/project/cstr1/mscslp/2017-18/s1785140_Jason_Fong/merlin/egs/tokenprojection/s1/experiments/tokenprojection_alldata/acoustic_model/data/dur
2018-07-22 02:07:16,835     INFO  configuration: Paths:nn_norm_temp_dir has default value /group/project/cstr1/mscslp/2017-18/s1785140_Jason_Fong/merlin/egs/tokenprojection/s1/experiments/tokenprojection_alldata/acoustic_model/data/step_hidden9
2018-07-22 02:07:16,835     INFO  configuration: Labels:process_labels_in_work_dir has default value False
2018-07-22 02:07:16,835     INFO  configuration:   Labels:label_style has default value HTS
2018-07-22 02:07:16,835     INFO  configuration:    Labels:label_type has    user value state_align
2018-07-22 02:07:16,835     INFO  configuration:   Labels:label_align has    user value /group/project/cstr1/mscslp/2017-18/s1785140_Jason_Fong/merlin/egs/tokenprojection/s1/experiments/tokenprojection_alldata/acoustic_model/data/label_state_align
2018-07-22 02:07:16,835     INFO  configuration: Labels:question_file_name has    user value /group/project/cstr1/mscslp/2017-18/s1785140_Jason_Fong/merlin/misc/questions/questions-radio_dnn_416_tp.hed
2018-07-22 02:07:16,835     INFO  configuration: Labels:linguistic_file_name has default value /group/project/cstr1/mscslp/2017-18/s1785140_Jason_Fong/merlin/egs/tokenprojection/s1/experiments/tokenprojection_alldata/acoustic_model/data/hed_feats.txt
2018-07-22 02:07:16,835     INFO  configuration: Labels:silence_pattern has    user value ['*-sil+*']
2018-07-22 02:07:16,835     INFO  configuration: Labels:subphone_feats has    user value full
2018-07-22 02:07:16,835     INFO  configuration: Labels:additional_features has default value {}
2018-07-22 02:07:16,836     INFO  configuration: Labels:xpath_file_name has default value /group/project/cstr1/mscslp/2017-18/s1785140_Jason_Fong/merlin/egs/tokenprojection/s1/experiments/tokenprojection_alldata/acoustic_model/data/xml_labels/xpaths.txt
2018-07-22 02:07:16,836     INFO  configuration:  Labels:label_config has default value configuration/examplelabelconfigfile.py
2018-07-22 02:07:16,836     INFO  configuration: Labels:add_frame_features has    user value True
2018-07-22 02:07:16,836     INFO  configuration: Labels:fill_missing_values has default value False
2018-07-22 02:07:16,836     INFO  configuration: Labels:xpath_label_align has default value /group/project/cstr1/mscslp/2017-18/s1785140_Jason_Fong/merlin/egs/tokenprojection/s1/experiments/tokenprojection_alldata/acoustic_model/data/label_state_align
2018-07-22 02:07:16,836     INFO  configuration: Labels:enforce_silence has    user value False
2018-07-22 02:07:16,836     INFO  configuration: Labels:remove_silence_using_binary_labels has default value False
2018-07-22 02:07:16,836     INFO  configuration: Labels:remove_silence_using_hts_labels has default value True
2018-07-22 02:07:16,836     INFO  configuration: Labels:precompile_xpaths has default value True
2018-07-22 02:07:16,836     INFO  configuration: Labels:iterate_over_frames has default value True
2018-07-22 02:07:16,836     INFO  configuration: Labels:appended_input_dim has default value 0
2018-07-22 02:07:16,836     INFO  configuration:     Data:buffer_size has    user value 200000
2018-07-22 02:07:16,836     INFO  configuration: Data:train_file_number has    user value 8602
2018-07-22 02:07:16,836     INFO  configuration: Data:valid_file_number has    user value 477
2018-07-22 02:07:16,837     INFO  configuration: Data:test_file_number has    user value 477
2018-07-22 02:07:16,837     INFO  configuration:       Paths:log_path has    user value /group/project/cstr1/mscslp/2017-18/s1785140_Jason_Fong/merlin/egs/tokenprojection/s1/experiments/tokenprojection_alldata/acoustic_model/log
2018-07-22 02:07:16,837     INFO  configuration:       Paths:log_file has    user value /group/project/cstr1/mscslp/2017-18/s1785140_Jason_Fong/merlin/egs/tokenprojection/s1/experiments/tokenprojection_alldata/acoustic_model/log/mylogfilename.log
2018-07-22 02:07:16,837     INFO  configuration: Paths:log_config_file has    user value /group/project/cstr1/mscslp/2017-18/s1785140_Jason_Fong/merlin/egs/tokenprojection/s1/conf/logging_config.conf
2018-07-22 02:07:16,837     INFO  configuration:           Paths:sptk has    user value /group/project/cstr1/mscslp/2017-18/s1785140_Jason_Fong/merlin/tools/bin/SPTK-3.9
2018-07-22 02:07:16,837     INFO  configuration:       Paths:straight has    user value /group/project/cstr1/mscslp/2017-18/s1785140_Jason_Fong/merlin/tools/bin/straight
2018-07-22 02:07:16,837     INFO  configuration:          Paths:world has    user value /group/project/cstr1/mscslp/2017-18/s1785140_Jason_Fong/merlin/tools/bin/WORLD
2018-07-22 02:07:16,837     INFO  configuration:       Paths:glotthmm has default value tools/bin/glotthmm
2018-07-22 02:07:16,837     INFO  configuration:       Paths:glottdnn has default value tools/bin/glottdnn
2018-07-22 02:07:16,837     INFO  configuration:           Paths:hmpd has default value tools/bin/hmpd
2018-07-22 02:07:16,837     INFO  configuration:       Paths:magphase has    user value /group/project/cstr1/mscslp/2017-18/s1785140_Jason_Fong/merlin/tools/magphase/src
2018-07-22 02:07:16,837     INFO  configuration: Architecture:network_type has default value RNN
2018-07-22 02:07:16,837     INFO  configuration: Architecture:model_type has default value DNN
2018-07-22 02:07:16,838     INFO  configuration: Architecture:hidden_layer_type has    user value ['TANH', 'TANH', 'TANH', 'TANH', 'TANH', 'TANH']
2018-07-22 02:07:16,838     INFO  configuration: Architecture:output_layer_type has default value LINEAR
2018-07-22 02:07:16,838     INFO  configuration: Architecture:sequential_training has    user value False
2018-07-22 02:07:16,838     INFO  configuration: Architecture:rnn_batch_training has default value False
2018-07-22 02:07:16,838     INFO  configuration: Architecture:dropout_rate has    user value 0.0
2018-07-22 02:07:16,838     INFO  configuration: Architecture:switch_to_keras has    user value False
2018-07-22 02:07:16,838     INFO  configuration: Architecture:switch_to_tensorflow has    user value False
2018-07-22 02:07:16,838     INFO  configuration:  Architecture:scheme has default value stagewise
2018-07-22 02:07:16,838     INFO  configuration: Architecture:index_to_project has default value 445
2018-07-22 02:07:16,838     INFO  configuration: Architecture:projection_insize has default value 10000
2018-07-22 02:07:16,838     INFO  configuration: Architecture:projection_outsize has default value 10
2018-07-22 02:07:16,838     INFO  configuration: Architecture:initial_projection_distrib has default value gaussian
2018-07-22 02:07:16,838     INFO  configuration: Architecture:projection_weights_output_dir has default value projection_weights
2018-07-22 02:07:16,838     INFO  configuration: Architecture:layers_with_projection_input has default value [0]
2018-07-22 02:07:16,839     INFO  configuration: Architecture:projection_learning_rate_scaling has default value 1.0
2018-07-22 02:07:16,839     INFO  configuration: Architecture:training_epochs has    user value 25
2018-07-22 02:07:16,839     INFO  configuration: Architecture:optimizer has    user value sgd
2018-07-22 02:07:16,839     INFO  configuration: Architecture:loss_function has default value mse
2018-07-22 02:07:16,839     INFO  configuration: Architecture:model_file_name has    user value feed_forward_6_tanh
2018-07-22 02:07:16,839     INFO  configuration: Architecture:stateful has default value False
2018-07-22 02:07:16,839     INFO  configuration: Architecture:use_high_batch_size has default value False
2018-07-22 02:07:16,839     INFO  configuration: Architecture:training_algo has default value 1
2018-07-22 02:07:16,839     INFO  configuration: Architecture:merge_size has default value 1
2018-07-22 02:07:16,839     INFO  configuration: Architecture:seq_length has default value 200
2018-07-22 02:07:16,839     INFO  configuration: Architecture:bucket_range has default value 100
2018-07-22 02:07:16,839     INFO  configuration: Architecture:encoder_decoder has default value False
2018-07-22 02:07:16,839     INFO  configuration: Architecture:attention has default value False
2018-07-22 02:07:16,839     INFO  configuration:    Architecture:cbhg has default value False
2018-07-22 02:07:16,840     INFO  configuration:    Data:shuffle_data has default value True
2018-07-22 02:07:16,840     INFO  configuration:   Processes:NORMDATA has default value False
2018-07-22 02:07:16,840     INFO  configuration: Processes:TRAINMODEL has default value False
2018-07-22 02:07:16,840     INFO  configuration:  Processes:TESTMODEL has default value False
2018-07-22 02:07:16,840     INFO  configuration: Architecture:learning_rate has    user value 0.002
2018-07-22 02:07:16,840     INFO  configuration: Architecture:lr_decay has    user value -1
2018-07-22 02:07:16,840     INFO  configuration: Architecture:L2_regularization has default value 1e-05
2018-07-22 02:07:16,840     INFO  configuration: Architecture:L1_regularization has default value 0.0
2018-07-22 02:07:16,840     INFO  configuration: Architecture:batch_size has    user value 256
2018-07-22 02:07:16,840     INFO  configuration: Architecture:training_epochs has    user value 25
2018-07-22 02:07:16,840     INFO  configuration: Architecture:hidden_activation has default value tanh
2018-07-22 02:07:16,840     INFO  configuration: Architecture:output_activation has default value linear
2018-07-22 02:07:16,840     INFO  configuration: Architecture:hidden_layer_size has    user value [1024, 1024, 1024, 1024, 1024, 1024]
2018-07-22 02:07:16,840     INFO  configuration: Architecture:private_hidden_sizes has default value [1024]
2018-07-22 02:07:16,841     INFO  configuration: Architecture:stream_weights has default value [1.0]
2018-07-22 02:07:16,841     INFO  configuration: Architecture:private_l2_reg has default value 1e-05
2018-07-22 02:07:16,841     INFO  configuration: Architecture:warmup_epoch has    user value 10
2018-07-22 02:07:16,841     INFO  configuration: Architecture:warmup_momentum has default value 0.3
2018-07-22 02:07:16,841     INFO  configuration: Architecture:momentum has default value 0.9
2018-07-22 02:07:16,841     INFO  configuration: Architecture:warmup_epoch has    user value 10
2018-07-22 02:07:16,841     INFO  configuration: Architecture:mdn_component has default value 1
2018-07-22 02:07:16,841     INFO  configuration: Architecture:var_floor has default value 0.01
2018-07-22 02:07:16,841     INFO  configuration: Architecture:beta_opt has default value False
2018-07-22 02:07:16,841     INFO  configuration: Architecture:eff_sample_size has default value 0.8
2018-07-22 02:07:16,841     INFO  configuration: Architecture:mean_log_det has default value -100.0
2018-07-22 02:07:16,841     INFO  configuration: Architecture:start_from_trained_model has default value _
2018-07-22 02:07:16,841     INFO  configuration: Architecture:use_rprop has default value 0
2018-07-22 02:07:16,841     INFO  configuration: Architecture:use_lhuc has default value False
2018-07-22 02:07:16,842     INFO  configuration: Architecture:freeze_layers has default value 0
2018-07-22 02:07:16,842     INFO  configuration:          Outputs:mgc has    user value 60
2018-07-22 02:07:16,842     INFO  configuration:         Outputs:dmgc has    user value 180
2018-07-22 02:07:16,842     INFO  configuration:          Outputs:vuv has default value 1
2018-07-22 02:07:16,842     INFO  configuration:          Outputs:lf0 has    user value 1
2018-07-22 02:07:16,842     INFO  configuration:         Outputs:dlf0 has    user value 3
2018-07-22 02:07:16,842     INFO  configuration:          Outputs:bap has    user value 5
2018-07-22 02:07:16,842     INFO  configuration:         Outputs:dbap has    user value 15
2018-07-22 02:07:16,842     INFO  configuration:          Outputs:cmp has default value 259
2018-07-22 02:07:16,842     INFO  configuration:    Outputs:stepw_dim has default value 55
2018-07-22 02:07:16,842     INFO  configuration:  Outputs:temp_sp_dim has default value 1025
2018-07-22 02:07:16,842     INFO  configuration:   Outputs:seglf0_dim has default value 7
2018-07-22 02:07:16,842     INFO  configuration:    Outputs:delta_win has default value [-0.5, 0.0, 0.5]
2018-07-22 02:07:16,842     INFO  configuration:      Outputs:acc_win has default value [1.0, -2.0, 1.0]
2018-07-22 02:07:16,843     INFO  configuration:      Outputs:do_MLPG has default value True
2018-07-22 02:07:16,843     INFO  configuration:           Outputs:F0 has default value 1
2018-07-22 02:07:16,843     INFO  configuration:          Outputs:dF0 has default value 3
2018-07-22 02:07:16,843     INFO  configuration:         Outputs:Gain has default value 1
2018-07-22 02:07:16,843     INFO  configuration:        Outputs:dGain has default value 3
2018-07-22 02:07:16,843     INFO  configuration:          Outputs:HNR has default value 5
2018-07-22 02:07:16,843     INFO  configuration:         Outputs:dHNR has default value 15
2018-07-22 02:07:16,843     INFO  configuration:          Outputs:LSF has default value 30
2018-07-22 02:07:16,843     INFO  configuration:         Outputs:dLSF has default value 90
2018-07-22 02:07:16,843     INFO  configuration:    Outputs:LSFsource has default value 10
2018-07-22 02:07:16,843     INFO  configuration:   Outputs:dLSFsource has default value 30
2018-07-22 02:07:16,843     INFO  configuration:           Outputs:f0 has default value 1
2018-07-22 02:07:16,843     INFO  configuration:          Outputs:df0 has default value 3
2018-07-22 02:07:16,843     INFO  configuration:         Outputs:gain has default value 1
2018-07-22 02:07:16,844     INFO  configuration:        Outputs:dgain has default value 3
2018-07-22 02:07:16,844     INFO  configuration:          Outputs:hnr has default value 5
2018-07-22 02:07:16,844     INFO  configuration:         Outputs:dhnr has default value 15
2018-07-22 02:07:16,844     INFO  configuration:          Outputs:lsf has default value 30
2018-07-22 02:07:16,844     INFO  configuration:         Outputs:dlsf has default value 90
2018-07-22 02:07:16,844     INFO  configuration:         Outputs:slsf has default value 10
2018-07-22 02:07:16,844     INFO  configuration:        Outputs:dslsf has default value 30
2018-07-22 02:07:16,844     INFO  configuration:          Outputs:pdd has default value 25
2018-07-22 02:07:16,844     INFO  configuration:         Outputs:dpdd has default value 75
2018-07-22 02:07:16,844     INFO  configuration:          Outputs:mag has default value 60
2018-07-22 02:07:16,844     INFO  configuration:         Outputs:dmag has default value 180
2018-07-22 02:07:16,844     INFO  configuration:         Outputs:real has default value 45
2018-07-22 02:07:16,844     INFO  configuration:        Outputs:dreal has default value 135
2018-07-22 02:07:16,844     INFO  configuration:         Outputs:imag has default value 45
2018-07-22 02:07:16,845     INFO  configuration:        Outputs:dimag has default value 135
2018-07-22 02:07:16,845     INFO  configuration:      Outputs:seq_dur has default value 1
2018-07-22 02:07:16,845     INFO  configuration: Outputs:remove_silence_from_dur has default value True
2018-07-22 02:07:16,845     INFO  configuration:          Outputs:dur has default value 5
2018-07-22 02:07:16,845     INFO  configuration: Outputs:dur_feature_type has default value numerical
2018-07-22 02:07:16,845     INFO  configuration: Outputs:dur_unit_size has default value phoneme
2018-07-22 02:07:16,845     INFO  configuration: Outputs:dur_feat_size has default value phoneme
2018-07-22 02:07:16,845     INFO  configuration: Outputs:output_feature_normalisation has default value MVN
2018-07-22 02:07:16,845     INFO  configuration: Streams:multistream_switch has default value False
2018-07-22 02:07:16,845     INFO  configuration: Streams:output_features has    user value ['mgc', 'lf0', 'vuv', 'bap']
2018-07-22 02:07:16,845     INFO  configuration: Streams:gen_wav_features has    user value ['mgc', 'lf0', 'bap']
2018-07-22 02:07:16,845     INFO  configuration: Waveform:vocoder_type has    user value WORLD
2018-07-22 02:07:16,845     INFO  configuration:  Waveform:samplerate has    user value 48000
2018-07-22 02:07:16,845     INFO  configuration: Waveform:framelength has    user value 2048
2018-07-22 02:07:16,846     INFO  configuration:  Waveform:frameshift has default value 5.0
2018-07-22 02:07:16,846     INFO  configuration:      Waveform:sp_dim has default value 2049.0
2018-07-22 02:07:16,846     INFO  configuration:    Waveform:fw_alpha has    user value 0.77
2018-07-22 02:07:16,846     INFO  configuration: Waveform:postfilter_coef has default value 1.4
2018-07-22 02:07:16,846     INFO  configuration: Waveform:minimum_phase_order has    user value 1023
2018-07-22 02:07:16,846     INFO  configuration:  Waveform:use_cep_ap has    user value True
2018-07-22 02:07:16,846     INFO  configuration: Waveform:do_post_filtering has default value True
2018-07-22 02:07:16,846     INFO  configuration:    Waveform:apply_GV has default value False
2018-07-22 02:07:16,846     INFO  configuration: Waveform:test_synth_dir has    user value None
2018-07-22 02:07:16,846     INFO  configuration: Waveform:magphase_pf_type has default value ['magphase', 'no', 'merlin']
2018-07-22 02:07:16,846     INFO  configuration: Waveform:magphase_const_rate has default value False
2018-07-22 02:07:16,846     INFO  configuration: Processes:DurationModel has default value False
2018-07-22 02:07:16,846     INFO  configuration: Processes:AcousticModel has    user value True
2018-07-22 02:07:16,846     INFO  configuration: Processes:VoiceConversion has default value False
2018-07-22 02:07:16,847     INFO  configuration: Processes:GenTestList has    user value False
2018-07-22 02:07:16,847     INFO  configuration:   Processes:ACFTEXTR has default value False
2018-07-22 02:07:16,847     INFO  configuration:    Processes:NORMLAB has    user value True
2018-07-22 02:07:16,847     INFO  configuration:    Processes:MAKEDUR has default value False
2018-07-22 02:07:16,847     INFO  configuration:    Processes:MAKECMP has    user value True
2018-07-22 02:07:16,847     INFO  configuration:    Processes:NORMCMP has    user value True
2018-07-22 02:07:16,847     INFO  configuration:   Processes:TRAINDNN has    user value True
2018-07-22 02:07:16,847     INFO  configuration:     Processes:DNNGEN has    user value True
2018-07-22 02:07:16,847     INFO  configuration:     Processes:GENWAV has    user value True
2018-07-22 02:07:16,847     INFO  configuration:     Processes:CALMCD has    user value True
2018-07-22 02:07:16,847     INFO  configuration:   Processes:NORMSTEP has default value False
2018-07-22 02:07:16,847     INFO  configuration:   Processes:GENBNFEA has default value False
2018-07-22 02:07:16,847     INFO  configuration:   Extensions:mgc_ext has default value .mgc
2018-07-22 02:07:16,847     INFO  configuration:   Extensions:bap_ext has default value .bap
2018-07-22 02:07:16,847     INFO  configuration:   Extensions:lf0_ext has default value .lf0
2018-07-22 02:07:16,848     INFO  configuration:   Extensions:cmp_ext has default value .cmp
2018-07-22 02:07:16,848     INFO  configuration:   Extensions:lab_ext has default value .lab
2018-07-22 02:07:16,848     INFO  configuration:   Extensions:utt_ext has default value .utt
2018-07-22 02:07:16,848     INFO  configuration: Extensions:stepw_ext has default value .stepw
2018-07-22 02:07:16,848     INFO  configuration:    Extensions:sp_ext has default value .sp
2018-07-22 02:07:16,848     INFO  configuration:    Extensions:F0_ext has default value .F0
2018-07-22 02:07:16,848     INFO  configuration:  Extensions:Gain_ext has default value .Gain
2018-07-22 02:07:16,848     INFO  configuration:   Extensions:HNR_ext has default value .HNR
2018-07-22 02:07:16,848     INFO  configuration:   Extensions:LSF_ext has default value .LSF
2018-07-22 02:07:16,848     INFO  configuration: Extensions:LSFsource_ext has default value .LSFsource
2018-07-22 02:07:16,848     INFO  configuration:    Extensions:f0_ext has default value .f0
2018-07-22 02:07:16,848     INFO  configuration:  Extensions:gain_ext has default value .gain
2018-07-22 02:07:16,848     INFO  configuration:   Extensions:hnr_ext has default value .hnr
2018-07-22 02:07:16,848     INFO  configuration:   Extensions:lsf_ext has default value .lsf
2018-07-22 02:07:16,849     INFO  configuration:  Extensions:slsf_ext has default value .slsf
2018-07-22 02:07:16,849     INFO  configuration:   Extensions:pdd_ext has default value .pdd
2018-07-22 02:07:16,849     INFO  configuration:   Extensions:mag_ext has default value .mag
2018-07-22 02:07:16,849     INFO  configuration:  Extensions:real_ext has default value .real
2018-07-22 02:07:16,849     INFO  configuration:  Extensions:imag_ext has default value .imag
2018-07-22 02:07:16,849     INFO  configuration:   Extensions:dur_ext has default value .dur
